14-14 : GET / anonymous
14-14 : GET /favicon.ico anonymous
14-14 : GET /users anonymous
14-15 : GET /soundboard anonymous
14-15 : GET /sound! anonymous
14-15 : GET /sound anonymous
14-15 : GET /sounds anonymous
14-15 : GET /sounds 1
14-16 : GET /users/list anonymous
14-16 : PATCH /users/3 anonymous
14-16 : GET /users/list anonymous
14-16 : PATCH /users/4 anonymous
14-16 : GET /users/list anonymous
14-16 : PATCH /users/5 anonymous
14-16 : GET /users/list anonymous
14-16 : PATCH /users/6 anonymous
14-16 : GET /users/list anonymous
14-17 : GET /users anonymous
14-22 : GET / anonymous
14-22 : GET / anonymous
14-22 : PATCH /users/9 anonymous
14-22 : GET /users/list anonymous
14-22 : PATCH /users/7 anonymous
14-22 : GET /users/list anonymous
14-23 : GET / anonymous
14-23 : GET / anonymous
14-23 : GET / anonymous
14-23 : GET / anonymous
14-23 : GET / anonymous
14-23 : GET / anonymous
14-23 : GET / anonymous
14-23 : GET / anonymous
14-23 : GET / anonymous
14-23 : GET / anonymous
14-23 : GET / anonymous
14-23 : GET / anonymous
14-23 : GET / anonymous
14-23 : GET / anonymous
14-23 : GET / anonymous
14-23 : GET / anonymous
14-23 : GET / anonymous
14-23 : GET / anonymous
14-23 : GET / anonymous
14-23 : GET / anonymous
14-23 : GET / anonymous
14-23 : GET / anonymous
14-23 : GET /cacaboudin anonymous
14-23 : GET /cacaboudin anonymous
14-23 : GET /cacaboudin anonymous
14-23 : GET /cacaboudin anonymous
14-23 : GET /cacaboudin anonymous
14-23 : GET /cacaboudin anonymous
14-23 : GET /cacaboudin anonymous
14-23 : GET /cacaboudin anonymous
14-23 : GET /cacaboudin anonymous
14-23 : GET /cacaboudin anonymous
14-23 : GET /cacaboudin anonymous
14-23 : GET /cacaboudin anonymous
14-23 : GET /cacaboudin anonymous
14-23 : GET /sounds/list anonymous
14-23 : GET /static/Darude%20Sandstorm%20Shittyflute.mp3 anonymous
14-23 : GET /static/Darude%20Sandstorm%20Shittyflute.mp3 anonymous
14-24 : POST /sounds/ anonymous
14-24 : GET /sounds/list anonymous
14-24 : GET /static/kyuukurarin.mp4 anonymous
14-24 : GET /static/Darude%20Sandstorm%20Shittyflute.mp3 anonymous
14-24 : GET /static/Darude%20Sandstorm%20Shittyflute.mp3 anonymous
14-24 : GET /static/kyuukurarin.mp4 anonymous
14-24 : GET /static/kyuukurarin.mp4 anonymous
14-24 : GET /static/kyuukurarin.mp4 anonymous
14-24 : GET /static/kyuukurarin.mp4 anonymous
14-24 : GET /static/kyuukurarin.mp4 anonymous
14-24 : GET /static/kyuukurarin.mp4 anonymous
14-24 : GET /static/kyuukurarin.mp4 anonymous
14-24 : GET /static/kyuukurarin.mp4 anonymous
14-24 : GET /static/kyuukurarin.mp4 anonymous
14-24 : GET /static/kyuukurarin.mp4 anonymous
14-24 : GET /static/kyuukurarin.mp4 anonymous
14-24 : GET /static/kyuukurarin.mp4 anonymous
14-24 : GET /static/kyuukurarin.mp4 anonymous
14-24 : GET /static/kyuukurarin.mp4 anonymous
14-24 : GET /static/kyuukurarin.mp4 anonymous
14-24 : GET /static/kyuukurarin.mp4 anonymous
14-24 : GET /static/kyuukurarin.mp4 anonymous
14-24 : GET /static/kyuukurarin.mp4 anonymous
14-24 : GET /static/kyuukurarin.mp4 anonymous
14-24 : GET /static/kyuukurarin.mp4 anonymous
14-24 : GET /static/kyuukurarin.mp4 anonymous
14-24 : GET /static/kyuukurarin.mp4 anonymous
14-24 : GET /static/kyuukurarin.mp4 anonymous
14-24 : GET /static/kyuukurarin.mp4 anonymous
14-24 : GET /static/kyuukurarin.mp4 anonymous
14-24 : GET /static/kyuukurarin.mp4 anonymous
15-57 : OPTIONS /sounds/1706539093416 anonymous
15-57 : OPTIONS /sounds/1706539093416 anonymous
15-57 : OPTIONS /sounds/1706539093416 anonymous
15-57 : OPTIONS /sounds/1706539247175 anonymous
15-57 : OPTIONS /sounds/1706539247175 anonymous
15-57 : OPTIONS /sounds/1706539247175 anonymous
15-57 : OPTIONS /sounds/42 anonymous
15-57 : OPTIONS /sounds/42 anonymous
15-57 : OPTIONS /sounds/42 anonymous
15-57 : OPTIONS /sounds/42 anonymous
15-57 : OPTIONS /sounds/42 anonymous
15-57 : OPTIONS /sounds/42 anonymous
15-57 : OPTIONS /sounds/42 anonymous
15-57 : OPTIONS /sounds/1706103444601 anonymous
15-57 : OPTIONS /sounds/42 anonymous
15-57 : OPTIONS /sounds/1706539072981 anonymous
15-57 : OPTIONS /sounds/42 anonymous
15-57 : OPTIONS /sounds/1706539093416 anonymous
15-57 : OPTIONS /sounds/1706539093416 anonymous
15-57 : OPTIONS /sounds/1706539093416 anonymous
15-57 : OPTIONS /sounds/1706539093416 anonymous
15-57 : OPTIONS /sounds/1706539093416 anonymous
15-57 : OPTIONS /sounds/1706539093416 anonymous
15-57 : OPTIONS /sounds/1706539072981 anonymous
15-57 : OPTIONS /sounds/1706104740075 anonymous
15-57 : OPTIONS /sounds/1706104740075 anonymous
15-57 : OPTIONS /sounds/1706539072981 anonymous
15-57 : OPTIONS /sounds/1706539072981 anonymous
15-57 : OPTIONS /sounds/1706539072981 anonymous
15-57 : OPTIONS /sounds/1706539093416 anonymous
15-57 : OPTIONS /sounds/1706539093416 anonymous
15-57 : OPTIONS /sounds/1706539093416 anonymous
15-57 : GET / anonymous
15-57 : GET /sounds/list anonymous
15-57 : GET /static/kyuukurarin.mp4 anonymous
15-57 : GET /static/Darude%20Sandstorm%20Shittyflute.mp3 anonymous
15-57 : GET /static/Darude%20Sandstorm%20Shittyflute.mp3 anonymous
15-58 : POST /sounds/ anonymous
15-58 : GET /sounds/list anonymous
15-58 : GET /static/poulette.mp3 anonymous
15-58 : GET /static/Darude%20Sandstorm%20Shittyflute.mp3 anonymous
15-58 : GET /static/kyuukurarin.mp4 anonymous
15-58 : GET /static/Darude%20Sandstorm%20Shittyflute.mp3 anonymous
16-1 : POST /sounds/ anonymous
16-2 : GET /static/poulette.mp3 anonymous
16-3 : POST /sounds/ anonymous
16-3 : GET /static/poulette.mp3 anonymous
16-3 : POST /sounds/ anonymous
16-4 : POST /sounds/ anonymous
16-8 : GET /sounds/list anonymous
16-8 : GET /static/kyuukurarin.mp4 anonymous
16-8 : GET /static/kyuukurarin.mp4 anonymous
16-8 : GET /static/kyuukurarin.mp4 anonymous
16-8 : GET /static/kyuukurarin.mp4 anonymous
16-8 : GET /static/kyuukurarin.mp4 anonymous
16-8 : GET /static/kyuukurarin.mp4 anonymous
16-8 : GET /static/kyuukurarin.mp4 anonymous
16-8 : GET /static/kyuukurarin.mp4 anonymous
16-8 : GET /static/kyuukurarin.mp4 anonymous
16-8 : GET /static/kyuukurarin.mp4 anonymous
16-8 : GET /static/kyuukurarin.mp4 anonymous
16-8 : GET /static/kyuukurarin.mp4 anonymous
16-8 : GET /static/kyuukurarin.mp4 anonymous
16-8 : GET /static/kyuukurarin.mp4 anonymous
16-8 : GET /static/kyuukurarin.mp4 anonymous
16-8 : GET /static/kyuukurarin.mp4 anonymous
16-8 : GET /static/kyuukurarin.mp4 anonymous
16-8 : GET /static/kyuukurarin.mp4 anonymous
16-8 : GET /static/kyuukurarin.mp4 anonymous
16-8 : GET /static/kyuukurarin.mp4 anonymous
16-8 : GET /static/kyuukurarin.mp4 anonymous
16-8 : GET /static/kyuukurarin.mp4 anonymous
16-8 : GET /static/kyuukurarin.mp4 anonymous
16-8 : GET /static/kyuukurarin.mp4 anonymous
16-8 : GET /static/kyuukurarin.mp4 anonymous
16-8 : GET /static/kyuukurarin.mp4 anonymous
16-8 : GET /static/kyuukurarin.mp4 anonymous
16-8 : GET /static/kyuukurarin.mp4 anonymous
16-8 : GET /static/kyuukurarin.mp4 anonymous
16-8 : GET /static/kyuukurarin.mp4 anonymous
16-8 : GET /static/kyuukurarin.mp4 anonymous
16-8 : GET /static/kyuukurarin.mp4 anonymous
16-8 : GET /static/kyuukurarin.mp4 anonymous
16-8 : GET /static/kyuukurarin.mp4 anonymous
16-8 : GET /static/kyuukurarin.mp4 anonymous
16-8 : GET /static/kyuukurarin.mp4 anonymous
16-8 : GET /static/kyuukurarin.mp4 anonymous
16-8 : GET /static/kyuukurarin.mp4 anonymous
16-8 : GET /static/kyuukurarin.mp4 anonymous
16-8 : POST /sounds/ anonymous
16-8 : GET /sounds/list anonymous
16-8 : GET /static/Darude%20Sandstorm%20Shittyflute.mp3 anonymous
16-8 : GET /static/maro-jump-sound-effect_1.mp3 anonymous
16-8 : GET /static/Darude%20Sandstorm%20Shittyflute.mp3 anonymous
16-8 : GET /static/poulette.mp3 anonymous
16-8 : GET /static/kyuukurarin.mp4 anonymous
16-8 : GET /static/kyuukurarin.mp4 anonymous
16-8 : GET /static/kyuukurarin.mp4 anonymous
16-8 : GET /static/kyuukurarin.mp4 anonymous
16-8 : GET /static/kyuukurarin.mp4 anonymous
16-8 : GET /static/kyuukurarin.mp4 anonymous
16-8 : GET /static/kyuukurarin.mp4 anonymous
16-8 : GET /static/kyuukurarin.mp4 anonymous
16-8 : GET /static/kyuukurarin.mp4 anonymous
16-8 : GET /static/kyuukurarin.mp4 anonymous
16-8 : GET /static/kyuukurarin.mp4 anonymous
16-8 : GET /static/kyuukurarin.mp4 anonymous
16-8 : GET /static/kyuukurarin.mp4 anonymous
16-8 : GET /static/kyuukurarin.mp4 anonymous
16-8 : GET /static/kyuukurarin.mp4 anonymous
16-8 : GET /static/kyuukurarin.mp4 anonymous
16-8 : GET /static/kyuukurarin.mp4 anonymous
16-8 : GET /static/kyuukurarin.mp4 anonymous
16-8 : GET /static/kyuukurarin.mp4 anonymous
16-8 : GET /static/kyuukurarin.mp4 anonymous
16-8 : GET /static/kyuukurarin.mp4 anonymous
16-8 : GET /static/kyuukurarin.mp4 anonymous
16-8 : GET /static/kyuukurarin.mp4 anonymous
16-8 : GET /static/kyuukurarin.mp4 anonymous
16-8 : GET /static/kyuukurarin.mp4 anonymous
16-8 : GET /static/kyuukurarin.mp4 anonymous
16-8 : GET /static/kyuukurarin.mp4 anonymous
16-8 : GET /static/kyuukurarin.mp4 anonymous
16-8 : GET /static/kyuukurarin.mp4 anonymous
16-8 : GET /static/kyuukurarin.mp4 anonymous
16-8 : GET /static/kyuukurarin.mp4 anonymous
16-8 : GET /static/kyuukurarin.mp4 anonymous
16-8 : GET /static/kyuukurarin.mp4 anonymous
16-8 : GET /static/kyuukurarin.mp4 anonymous
16-8 : GET /static/kyuukurarin.mp4 anonymous
16-8 : GET /static/kyuukurarin.mp4 anonymous
16-8 : GET /static/kyuukurarin.mp4 anonymous
16-8 : GET /static/kyuukurarin.mp4 anonymous
16-9 : POST /sounds/ anonymous
16-9 : GET /static/maro-jump-sound-effect_1.mp3 anonymous
16-9 : GET /static/kyuukurarin.mp4 anonymous
16-9 : GET /static/kyuukurarin.mp4 anonymous
16-9 : GET /static/kyuukurarin.mp4 anonymous
16-9 : GET /static/kyuukurarin.mp4 anonymous
16-9 : GET /static/kyuukurarin.mp4 anonymous
16-9 : GET /static/kyuukurarin.mp4 anonymous
16-9 : GET /static/kyuukurarin.mp4 anonymous
16-9 : GET /static/kyuukurarin.mp4 anonymous
16-9 : GET /static/kyuukurarin.mp4 anonymous
16-9 : GET /static/kyuukurarin.mp4 anonymous
16-9 : GET /static/kyuukurarin.mp4 anonymous
16-9 : GET /static/kyuukurarin.mp4 anonymous
16-9 : GET /static/kyuukurarin.mp4 anonymous
16-9 : GET /static/kyuukurarin.mp4 anonymous
16-9 : GET /static/kyuukurarin.mp4 anonymous
16-9 : GET /static/kyuukurarin.mp4 anonymous
16-9 : GET /static/kyuukurarin.mp4 anonymous
16-9 : GET /static/kyuukurarin.mp4 anonymous
16-9 : GET /static/kyuukurarin.mp4 anonymous
16-9 : GET /static/kyuukurarin.mp4 anonymous
16-9 : GET /static/kyuukurarin.mp4 anonymous
16-9 : GET /static/kyuukurarin.mp4 anonymous
16-9 : GET /static/kyuukurarin.mp4 anonymous
16-9 : GET /static/kyuukurarin.mp4 anonymous
16-16 : GET /static/kyuukurarin.mp4 anonymous
16-16 : GET /static/maro-jump-sound-effect_1.mp3 anonymous
16-16 : GET /static/kyuukurarin.mp4 anonymous
16-16 : GET /static/kyuukurarin.mp4 anonymous
16-16 : GET /static/kyuukurarin.mp4 anonymous
16-16 : GET /static/kyuukurarin.mp4 anonymous
16-16 : GET /static/kyuukurarin.mp4 anonymous
16-16 : GET /static/kyuukurarin.mp4 anonymous
16-16 : GET /static/kyuukurarin.mp4 anonymous
16-16 : GET /static/kyuukurarin.mp4 anonymous
16-16 : GET /static/kyuukurarin.mp4 anonymous
16-16 : GET /static/kyuukurarin.mp4 anonymous
16-16 : GET /static/kyuukurarin.mp4 anonymous
16-16 : GET /static/kyuukurarin.mp4 anonymous
16-16 : GET /static/kyuukurarin.mp4 anonymous
16-16 : GET /static/kyuukurarin.mp4 anonymous
16-16 : GET /static/kyuukurarin.mp4 anonymous
16-16 : GET /static/kyuukurarin.mp4 anonymous
16-16 : GET /static/kyuukurarin.mp4 anonymous
16-16 : GET /static/kyuukurarin.mp4 anonymous
16-16 : GET /static/kyuukurarin.mp4 anonymous
16-16 : GET /static/kyuukurarin.mp4 anonymous
16-16 : GET /static/kyuukurarin.mp4 anonymous
16-16 : GET /static/kyuukurarin.mp4 anonymous
16-16 : GET /static/kyuukurarin.mp4 anonymous
16-16 : GET /static/kyuukurarin.mp4 anonymous
16-16 : GET /static/kyuukurarin.mp4 anonymous
16-16 : GET /static/kyuukurarin.mp4 anonymous
16-16 : GET /static/kyuukurarin.mp4 anonymous
16-16 : GET /static/kyuukurarin.mp4 anonymous
16-16 : GET /static/kyuukurarin.mp4 anonymous
16-16 : GET /static/kyuukurarin.mp4 anonymous
16-16 : GET /static/kyuukurarin.mp4 anonymous
16-16 : GET /static/kyuukurarin.mp4 anonymous
16-16 : GET /static/kyuukurarin.mp4 anonymous
16-16 : GET /sounds/list anonymous
16-16 : GET /static/Darude%20Sandstorm%20Shittyflute.mp3 anonymous
16-16 : GET /static/Darude%20Sandstorm%20Shittyflute.mp3 anonymous
16-16 : GET /static/poulette.mp3 anonymous
16-16 : GET /static/maro-jump-sound-effect_1.mp3 anonymous
16-16 : GET /static/kyuukurarin.mp4 anonymous
16-16 : GET /static/kyuukurarin.mp4 anonymous
16-16 : GET /static/kyuukurarin.mp4 anonymous
16-16 : GET /static/kyuukurarin.mp4 anonymous
16-16 : GET /static/kyuukurarin.mp4 anonymous
16-16 : GET /static/kyuukurarin.mp4 anonymous
16-16 : GET /static/kyuukurarin.mp4 anonymous
16-16 : GET /static/kyuukurarin.mp4 anonymous
16-16 : GET /static/kyuukurarin.mp4 anonymous
16-16 : GET /static/kyuukurarin.mp4 anonymous
16-16 : GET /static/kyuukurarin.mp4 anonymous
16-16 : GET /static/kyuukurarin.mp4 anonymous
16-16 : GET /static/kyuukurarin.mp4 anonymous
16-16 : GET /static/kyuukurarin.mp4 anonymous
16-16 : GET /static/kyuukurarin.mp4 anonymous
16-16 : GET /static/kyuukurarin.mp4 anonymous
16-16 : GET /static/kyuukurarin.mp4 anonymous
16-16 : GET /static/kyuukurarin.mp4 anonymous
16-16 : GET /static/kyuukurarin.mp4 anonymous
16-16 : GET /static/kyuukurarin.mp4 anonymous
16-16 : GET /static/kyuukurarin.mp4 anonymous
16-16 : GET /static/kyuukurarin.mp4 anonymous
16-16 : GET /static/kyuukurarin.mp4 anonymous
16-16 : GET /static/kyuukurarin.mp4 anonymous
16-16 : GET /static/kyuukurarin.mp4 anonymous
16-16 : GET /static/kyuukurarin.mp4 anonymous
16-16 : GET /static/kyuukurarin.mp4 anonymous
16-16 : GET /static/kyuukurarin.mp4 anonymous
16-16 : GET /static/kyuukurarin.mp4 anonymous
16-16 : GET /static/kyuukurarin.mp4 anonymous
16-16 : GET /static/kyuukurarin.mp4 anonymous
16-16 : GET /static/kyuukurarin.mp4 anonymous
16-16 : GET /static/kyuukurarin.mp4 anonymous
16-16 : GET /static/kyuukurarin.mp4 anonymous
16-16 : GET /static/kyuukurarin.mp4 anonymous
16-16 : GET /static/kyuukurarin.mp4 anonymous
16-16 : GET /static/kyuukurarin.mp4 anonymous
16-16 : GET /static/kyuukurarin.mp4 anonymous
16-16 : GET /static/kyuukurarin.mp4 anonymous
16-16 : GET /static/kyuukurarin.mp4 anonymous
16-16 : GET /static/kyuukurarin.mp4 anonymous
16-16 : GET /static/kyuukurarin.mp4 anonymous
16-16 : GET /static/kyuukurarin.mp4 anonymous
16-16 : GET /static/kyuukurarin.mp4 anonymous
16-16 : GET /static/kyuukurarin.mp4 anonymous
16-16 : GET /sounds/list anonymous
16-16 : GET /static/Darude%20Sandstorm%20Shittyflute.mp3 anonymous
16-16 : GET /static/poulette.mp3 anonymous
16-16 : GET /static/maro-jump-sound-effect_1.mp3 anonymous
16-16 : GET /static/Darude%20Sandstorm%20Shittyflute.mp3 anonymous
16-16 : GET /static/kyuukurarin.mp4 anonymous
16-16 : GET /static/kyuukurarin.mp4 anonymous
16-16 : GET /static/kyuukurarin.mp4 anonymous
16-16 : GET /static/kyuukurarin.mp4 anonymous
16-16 : GET /static/kyuukurarin.mp4 anonymous
16-16 : GET /static/kyuukurarin.mp4 anonymous
16-16 : GET /static/kyuukurarin.mp4 anonymous
16-16 : GET /static/kyuukurarin.mp4 anonymous
16-16 : GET /static/kyuukurarin.mp4 anonymous
16-16 : GET /static/kyuukurarin.mp4 anonymous
16-16 : GET /static/kyuukurarin.mp4 anonymous
16-16 : GET /static/kyuukurarin.mp4 anonymous
16-16 : GET /static/kyuukurarin.mp4 anonymous
16-16 : GET /static/kyuukurarin.mp4 anonymous
16-16 : GET /static/kyuukurarin.mp4 anonymous
16-16 : GET /static/kyuukurarin.mp4 anonymous
16-16 : GET /static/kyuukurarin.mp4 anonymous
16-16 : GET /static/kyuukurarin.mp4 anonymous
16-16 : GET /static/kyuukurarin.mp4 anonymous
16-16 : GET /static/kyuukurarin.mp4 anonymous
16-16 : GET /static/kyuukurarin.mp4 anonymous
16-16 : GET /static/kyuukurarin.mp4 anonymous
16-16 : GET /static/kyuukurarin.mp4 anonymous
16-16 : GET /static/kyuukurarin.mp4 anonymous
16-16 : GET /static/kyuukurarin.mp4 anonymous
16-16 : GET /static/kyuukurarin.mp4 anonymous
16-16 : GET /static/kyuukurarin.mp4 anonymous
16-16 : GET /static/kyuukurarin.mp4 anonymous
16-16 : GET /static/kyuukurarin.mp4 anonymous
16-16 : GET /static/kyuukurarin.mp4 anonymous
16-16 : GET /static/kyuukurarin.mp4 anonymous
16-16 : GET /static/kyuukurarin.mp4 anonymous
16-16 : GET /static/kyuukurarin.mp4 anonymous
16-16 : GET /static/kyuukurarin.mp4 anonymous
16-16 : GET /static/kyuukurarin.mp4 anonymous
16-16 : GET /static/kyuukurarin.mp4 anonymous
16-16 : GET /static/kyuukurarin.mp4 anonymous
16-16 : GET /static/kyuukurarin.mp4 anonymous
16-16 : GET /static/kyuukurarin.mp4 anonymous
16-16 : GET /static/kyuukurarin.mp4 anonymous
16-16 : GET /static/kyuukurarin.mp4 anonymous
16-17 : GET /sounds/list anonymous
16-17 : GET /static/Darude%20Sandstorm%20Shittyflute.mp3 anonymous
16-17 : GET /static/poulette.mp3 anonymous
16-17 : GET /static/maro-jump-sound-effect_1.mp3 anonymous
16-17 : GET /static/Darude%20Sandstorm%20Shittyflute.mp3 anonymous
16-17 : GET /static/kyuukurarin.mp4 anonymous
16-17 : GET /static/kyuukurarin.mp4 anonymous
16-17 : GET /static/kyuukurarin.mp4 anonymous
16-17 : GET /static/kyuukurarin.mp4 anonymous
16-17 : GET /static/kyuukurarin.mp4 anonymous
16-17 : GET /static/kyuukurarin.mp4 anonymous
16-17 : GET /static/kyuukurarin.mp4 anonymous
16-17 : GET /static/kyuukurarin.mp4 anonymous
16-17 : GET /static/kyuukurarin.mp4 anonymous
16-17 : GET /static/kyuukurarin.mp4 anonymous
16-17 : GET /static/kyuukurarin.mp4 anonymous
16-17 : GET /static/kyuukurarin.mp4 anonymous
16-17 : GET /static/kyuukurarin.mp4 anonymous
16-17 : GET /static/kyuukurarin.mp4 anonymous
16-17 : GET /static/kyuukurarin.mp4 anonymous
16-17 : GET /static/kyuukurarin.mp4 anonymous
16-17 : GET /static/kyuukurarin.mp4 anonymous
16-17 : GET /static/kyuukurarin.mp4 anonymous
16-17 : GET /static/kyuukurarin.mp4 anonymous
16-17 : GET /static/kyuukurarin.mp4 anonymous
16-17 : GET /static/kyuukurarin.mp4 anonymous
16-17 : GET /static/kyuukurarin.mp4 anonymous
16-17 : GET /static/kyuukurarin.mp4 anonymous
16-17 : GET /static/kyuukurarin.mp4 anonymous
16-17 : GET /static/kyuukurarin.mp4 anonymous
16-17 : GET /static/kyuukurarin.mp4 anonymous
16-17 : GET /static/kyuukurarin.mp4 anonymous
16-17 : GET /static/kyuukurarin.mp4 anonymous
16-17 : GET /static/kyuukurarin.mp4 anonymous
16-17 : GET /static/kyuukurarin.mp4 anonymous
16-17 : GET /static/kyuukurarin.mp4 anonymous
16-17 : GET /static/kyuukurarin.mp4 anonymous
16-17 : GET /static/kyuukurarin.mp4 anonymous
16-17 : GET /static/kyuukurarin.mp4 anonymous
16-17 : GET /static/kyuukurarin.mp4 anonymous
16-17 : GET /static/kyuukurarin.mp4 anonymous
16-17 : GET /static/kyuukurarin.mp4 anonymous
16-17 : GET /static/kyuukurarin.mp4 anonymous
16-17 : GET /static/kyuukurarin.mp4 anonymous
16-17 : GET /static/kyuukurarin.mp4 anonymous
16-17 : GET /static/kyuukurarin.mp4 anonymous
16-17 : GET /static/kyuukurarin.mp4 anonymous
16-17 : GET /static/kyuukurarin.mp4 anonymous
16-17 : GET /static/kyuukurarin.mp4 anonymous
16-17 : GET /static/kyuukurarin.mp4 anonymous
16-17 : GET /static/kyuukurarin.mp4 anonymous
16-17 : GET /sounds/list anonymous
16-17 : GET /static/Darude%20Sandstorm%20Shittyflute.mp3 anonymous
16-17 : GET /static/poulette.mp3 anonymous
16-17 : GET /static/maro-jump-sound-effect_1.mp3 anonymous
16-17 : GET /static/Darude%20Sandstorm%20Shittyflute.mp3 anonymous
16-17 : GET /static/kyuukurarin.mp4 anonymous
16-17 : GET /static/kyuukurarin.mp4 anonymous
16-17 : GET /static/kyuukurarin.mp4 anonymous
16-17 : GET /static/kyuukurarin.mp4 anonymous
16-17 : GET /static/kyuukurarin.mp4 anonymous
16-17 : GET /static/kyuukurarin.mp4 anonymous
16-17 : GET /static/kyuukurarin.mp4 anonymous
16-17 : GET /static/kyuukurarin.mp4 anonymous
16-17 : GET /static/kyuukurarin.mp4 anonymous
16-17 : GET /static/kyuukurarin.mp4 anonymous
16-17 : GET /static/kyuukurarin.mp4 anonymous
16-17 : GET /static/kyuukurarin.mp4 anonymous
16-17 : GET /static/kyuukurarin.mp4 anonymous
16-17 : GET /static/kyuukurarin.mp4 anonymous
16-17 : GET /static/kyuukurarin.mp4 anonymous
16-17 : GET /static/kyuukurarin.mp4 anonymous
16-17 : GET /static/kyuukurarin.mp4 anonymous
16-17 : GET /static/kyuukurarin.mp4 anonymous
16-17 : GET /static/kyuukurarin.mp4 anonymous
16-17 : GET /static/kyuukurarin.mp4 anonymous
16-17 : GET /static/kyuukurarin.mp4 anonymous
16-17 : GET /static/kyuukurarin.mp4 anonymous
16-17 : GET /static/kyuukurarin.mp4 anonymous
16-17 : GET /static/kyuukurarin.mp4 anonymous
16-17 : GET /static/kyuukurarin.mp4 anonymous
16-17 : GET /static/kyuukurarin.mp4 anonymous
16-17 : GET /static/kyuukurarin.mp4 anonymous
16-17 : GET /static/kyuukurarin.mp4 anonymous
16-17 : GET /static/kyuukurarin.mp4 anonymous
16-17 : GET /static/kyuukurarin.mp4 anonymous
16-17 : GET /static/kyuukurarin.mp4 anonymous
16-17 : GET /static/kyuukurarin.mp4 anonymous
16-17 : GET /static/kyuukurarin.mp4 anonymous
16-17 : GET /static/kyuukurarin.mp4 anonymous
16-17 : GET /static/kyuukurarin.mp4 anonymous
16-17 : GET /static/kyuukurarin.mp4 anonymous
16-17 : GET /static/kyuukurarin.mp4 anonymous
16-17 : GET /static/kyuukurarin.mp4 anonymous
16-17 : GET /static/kyuukurarin.mp4 anonymous
16-17 : GET /static/kyuukurarin.mp4 anonymous
16-17 : GET /static/kyuukurarin.mp4 anonymous
16-17 : GET /static/kyuukurarin.mp4 anonymous
16-17 : POST /sounds/ anonymous
16-17 : GET /static/kyuukurarin.mp4 anonymous
16-17 : GET /static/kyuukurarin.mp4 anonymous
16-17 : GET /static/kyuukurarin.mp4 anonymous
16-17 : GET /static/kyuukurarin.mp4 anonymous
16-17 : GET /static/kyuukurarin.mp4 anonymous
16-17 : GET /static/kyuukurarin.mp4 anonymous
16-17 : GET /static/kyuukurarin.mp4 anonymous
16-17 : GET /static/kyuukurarin.mp4 anonymous
16-17 : GET /static/kyuukurarin.mp4 anonymous
16-17 : POST /sounds/ anonymous
16-17 : GET /static/kyuukurarin.mp4 anonymous
16-17 : GET /static/kyuukurarin.mp4 anonymous
16-17 : GET /static/kyuukurarin.mp4 anonymous
16-17 : GET /static/kyuukurarin.mp4 anonymous
16-17 : GET /static/kyuukurarin.mp4 anonymous
16-17 : GET /static/kyuukurarin.mp4 anonymous
16-17 : GET /static/kyuukurarin.mp4 anonymous
16-17 : GET /sounds/list anonymous
16-17 : GET /static/Darude%20Sandstorm%20Shittyflute.mp3 anonymous
16-17 : GET /static/poulette.mp3 anonymous
16-17 : GET /static/maro-jump-sound-effect_1.mp3 anonymous
16-17 : GET /static/Darude%20Sandstorm%20Shittyflute.mp3 anonymous
16-17 : GET /static/kyuukurarin.mp4 anonymous
16-17 : GET /static/kyuukurarin.mp4 anonymous
16-17 : GET /static/kyuukurarin.mp4 anonymous
16-17 : GET /static/kyuukurarin.mp4 anonymous
16-17 : GET /static/kyuukurarin.mp4 anonymous
16-17 : GET /static/kyuukurarin.mp4 anonymous
16-17 : GET /static/kyuukurarin.mp4 anonymous
16-17 : GET /static/kyuukurarin.mp4 anonymous
16-17 : GET /static/kyuukurarin.mp4 anonymous
16-17 : GET /static/kyuukurarin.mp4 anonymous
16-17 : GET /static/kyuukurarin.mp4 anonymous
16-17 : GET /static/kyuukurarin.mp4 anonymous
16-17 : GET /static/kyuukurarin.mp4 anonymous
16-17 : GET /static/kyuukurarin.mp4 anonymous
16-17 : GET /static/kyuukurarin.mp4 anonymous
16-17 : GET /static/kyuukurarin.mp4 anonymous
16-17 : GET /static/kyuukurarin.mp4 anonymous
16-17 : GET /static/kyuukurarin.mp4 anonymous
16-17 : GET /static/kyuukurarin.mp4 anonymous
16-17 : GET /static/kyuukurarin.mp4 anonymous
16-17 : GET /static/kyuukurarin.mp4 anonymous
16-17 : GET /static/kyuukurarin.mp4 anonymous
16-17 : GET /static/kyuukurarin.mp4 anonymous
16-17 : GET /static/kyuukurarin.mp4 anonymous
16-17 : GET /static/kyuukurarin.mp4 anonymous
16-17 : GET /static/kyuukurarin.mp4 anonymous
16-17 : GET /static/kyuukurarin.mp4 anonymous
16-18 : POST /sounds/ anonymous
16-18 : GET /static/poulette.mp3 anonymous
16-18 : GET /static/maro-jump-sound-effect_1.mp3 anonymous
16-18 : GET /static/kyuukurarin.mp4 anonymous
16-18 : GET /static/kyuukurarin.mp4 anonymous
16-18 : GET /static/kyuukurarin.mp4 anonymous
16-18 : GET /static/kyuukurarin.mp4 anonymous
16-18 : GET /static/kyuukurarin.mp4 anonymous
16-18 : GET /static/kyuukurarin.mp4 anonymous
16-18 : GET /sounds/list anonymous
16-18 : GET /static/Darude%20Sandstorm%20Shittyflute.mp3 anonymous
16-18 : GET /static/poulette.mp3 anonymous
16-18 : GET /static/maro-jump-sound-effect_1.mp3 anonymous
16-18 : GET /static/kyuukurarin.mp4 anonymous
16-18 : GET /static/Darude%20Sandstorm%20Shittyflute.mp3 anonymous
16-18 : GET /static/kyuukurarin.mp4 anonymous
16-18 : GET /static/kyuukurarin.mp4 anonymous
16-18 : GET /static/kyuukurarin.mp4 anonymous
16-18 : GET /static/kyuukurarin.mp4 anonymous
16-18 : GET /static/kyuukurarin.mp4 anonymous
16-18 : GET /static/kyuukurarin.mp4 anonymous
16-18 : GET /static/kyuukurarin.mp4 anonymous
16-18 : GET /static/kyuukurarin.mp4 anonymous
16-18 : GET /static/kyuukurarin.mp4 anonymous
16-18 : GET /static/kyuukurarin.mp4 anonymous
16-18 : GET /static/kyuukurarin.mp4 anonymous
16-18 : GET /static/kyuukurarin.mp4 anonymous
16-18 : GET /static/kyuukurarin.mp4 anonymous
16-18 : GET /static/kyuukurarin.mp4 anonymous
16-18 : GET /static/kyuukurarin.mp4 anonymous
16-18 : GET /static/kyuukurarin.mp4 anonymous
16-18 : GET /static/kyuukurarin.mp4 anonymous
16-18 : GET /static/kyuukurarin.mp4 anonymous
16-18 : GET /static/kyuukurarin.mp4 anonymous
16-18 : GET /static/kyuukurarin.mp4 anonymous
16-18 : GET /static/kyuukurarin.mp4 anonymous
16-18 : GET /static/kyuukurarin.mp4 anonymous
16-18 : GET /static/kyuukurarin.mp4 anonymous
16-18 : GET /static/kyuukurarin.mp4 anonymous
16-18 : GET /static/kyuukurarin.mp4 anonymous
16-18 : GET /static/kyuukurarin.mp4 anonymous
16-18 : GET /static/kyuukurarin.mp4 anonymous
16-18 : GET /static/kyuukurarin.mp4 anonymous
16-18 : POST /sounds/ anonymous
16-19 : GET /static/poulette.mp3 anonymous
16-19 : GET /static/maro-jump-sound-effect_1.mp3 anonymous
16-19 : GET /static/kyuukurarin.mp4 anonymous
16-19 : GET /static/kyuukurarin.mp4 anonymous
16-19 : GET /static/kyuukurarin.mp4 anonymous
16-19 : GET /static/kyuukurarin.mp4 anonymous
16-19 : GET /static/kyuukurarin.mp4 anonymous
16-19 : GET /static/kyuukurarin.mp4 anonymous
16-19 : GET /static/kyuukurarin.mp4 anonymous
16-19 : GET /static/kyuukurarin.mp4 anonymous
16-19 : GET /sounds/list anonymous
16-19 : GET /static/Darude%20Sandstorm%20Shittyflute.mp3 anonymous
16-19 : GET /static/poulette.mp3 anonymous
16-19 : GET /static/maro-jump-sound-effect_1.mp3 anonymous
16-19 : GET /static/Darude%20Sandstorm%20Shittyflute.mp3 anonymous
16-19 : GET /static/kyuukurarin.mp4 anonymous
16-19 : GET /static/kyuukurarin.mp4 anonymous
16-19 : GET /static/kyuukurarin.mp4 anonymous
16-19 : GET /static/kyuukurarin.mp4 anonymous
16-19 : GET /static/kyuukurarin.mp4 anonymous
16-19 : GET /static/kyuukurarin.mp4 anonymous
16-19 : GET /static/kyuukurarin.mp4 anonymous
16-19 : GET /static/kyuukurarin.mp4 anonymous
16-19 : GET /static/kyuukurarin.mp4 anonymous
16-19 : GET /static/kyuukurarin.mp4 anonymous
16-19 : GET /static/kyuukurarin.mp4 anonymous
16-19 : GET /static/kyuukurarin.mp4 anonymous
16-19 : GET /static/kyuukurarin.mp4 anonymous
16-19 : GET /static/kyuukurarin.mp4 anonymous
16-19 : GET /static/kyuukurarin.mp4 anonymous
16-19 : GET /static/kyuukurarin.mp4 anonymous
16-19 : GET /static/kyuukurarin.mp4 anonymous
16-19 : GET /static/kyuukurarin.mp4 anonymous
16-19 : GET /static/kyuukurarin.mp4 anonymous
16-19 : GET /static/kyuukurarin.mp4 anonymous
16-19 : GET /static/kyuukurarin.mp4 anonymous
16-19 : GET /static/kyuukurarin.mp4 anonymous
16-19 : GET /static/kyuukurarin.mp4 anonymous
16-19 : GET /static/kyuukurarin.mp4 anonymous
16-19 : GET /static/kyuukurarin.mp4 anonymous
16-19 : GET /static/kyuukurarin.mp4 anonymous
16-19 : GET /static/kyuukurarin.mp4 anonymous
16-19 : GET /static/kyuukurarin.mp4 anonymous
16-19 : GET /static/kyuukurarin.mp4 anonymous
16-19 : GET /static/kyuukurarin.mp4 anonymous
16-19 : GET /static/kyuukurarin.mp4 anonymous
16-19 : GET /static/kyuukurarin.mp4 anonymous
16-19 : GET /static/kyuukurarin.mp4 anonymous
16-19 : GET /static/kyuukurarin.mp4 anonymous
16-19 : GET /static/kyuukurarin.mp4 anonymous
16-20 : POST /sounds/ anonymous
16-20 : GET /sounds/list anonymous
16-20 : GET /static/Darude%20Sandstorm%20Shittyflute.mp3 anonymous
16-20 : GET /static/ anonymous
16-20 : GET /static/poulette.mp3 anonymous
16-20 : GET /static/maro-jump-sound-effect_1.mp3 anonymous
16-20 : GET /static/Darude%20Sandstorm%20Shittyflute.mp3 anonymous
16-20 : GET /static/kyuukurarin.mp4 anonymous
16-20 : GET /static/kyuukurarin.mp4 anonymous
16-20 : GET /static/kyuukurarin.mp4 anonymous
16-20 : GET /static/kyuukurarin.mp4 anonymous
16-20 : GET /static/kyuukurarin.mp4 anonymous
16-20 : GET /static/kyuukurarin.mp4 anonymous
16-20 : GET /static/kyuukurarin.mp4 anonymous
16-20 : GET /static/kyuukurarin.mp4 anonymous
16-20 : GET /static/kyuukurarin.mp4 anonymous
16-20 : GET /static/kyuukurarin.mp4 anonymous
16-20 : GET /static/kyuukurarin.mp4 anonymous
16-20 : GET /static/kyuukurarin.mp4 anonymous
16-20 : GET /static/kyuukurarin.mp4 anonymous
16-20 : GET /static/kyuukurarin.mp4 anonymous
16-20 : GET /static/kyuukurarin.mp4 anonymous
16-20 : GET /static/kyuukurarin.mp4 anonymous
16-20 : GET /static/kyuukurarin.mp4 anonymous
16-20 : GET /static/kyuukurarin.mp4 anonymous
16-20 : GET /static/kyuukurarin.mp4 anonymous
16-20 : GET /static/kyuukurarin.mp4 anonymous
16-20 : GET /static/kyuukurarin.mp4 anonymous
16-20 : GET /static/kyuukurarin.mp4 anonymous
16-20 : GET /static/kyuukurarin.mp4 anonymous
16-20 : GET /static/kyuukurarin.mp4 anonymous
16-20 : GET /static/kyuukurarin.mp4 anonymous
16-20 : GET /static/kyuukurarin.mp4 anonymous
16-20 : GET /static/kyuukurarin.mp4 anonymous
16-20 : GET /static/kyuukurarin.mp4 anonymous
16-20 : GET /static/kyuukurarin.mp4 anonymous
16-20 : GET /static/kyuukurarin.mp4 anonymous
16-20 : GET /static/kyuukurarin.mp4 anonymous
16-20 : GET /static/kyuukurarin.mp4 anonymous
16-20 : GET /static/kyuukurarin.mp4 anonymous
16-20 : GET /static/kyuukurarin.mp4 anonymous
16-20 : GET /static/kyuukurarin.mp4 anonymous
16-20 : GET /static/kyuukurarin.mp4 anonymous
16-20 : GET /static/kyuukurarin.mp4 anonymous
16-24 : POST /sounds/ anonymous
16-24 : GET /sounds/list anonymous
16-24 : GET /static/Darude%20Sandstorm%20Shittyflute.mp3 anonymous
16-24 : GET /static/poulette.mp3 anonymous
16-24 : GET /static/maro-jump-sound-effect_1.mp3 anonymous
16-24 : GET /static/ anonymous
16-24 : GET /static/kyuukurarin.mp4 anonymous
16-24 : GET /static/Darude%20Sandstorm%20Shittyflute.mp3 anonymous
16-24 : GET /static/ anonymous
16-24 : GET /static/kyuukurarin.mp4 anonymous
16-24 : GET /static/kyuukurarin.mp4 anonymous
16-24 : GET /static/kyuukurarin.mp4 anonymous
16-24 : GET /static/kyuukurarin.mp4 anonymous
16-24 : GET /static/kyuukurarin.mp4 anonymous
16-24 : GET /static/kyuukurarin.mp4 anonymous
16-24 : GET /static/kyuukurarin.mp4 anonymous
16-24 : GET /static/kyuukurarin.mp4 anonymous
16-24 : GET /static/kyuukurarin.mp4 anonymous
16-24 : GET /static/kyuukurarin.mp4 anonymous
16-24 : GET /static/kyuukurarin.mp4 anonymous
16-24 : GET /static/kyuukurarin.mp4 anonymous
16-24 : GET /static/kyuukurarin.mp4 anonymous
16-24 : GET /static/kyuukurarin.mp4 anonymous
16-24 : GET /static/kyuukurarin.mp4 anonymous
16-24 : GET /static/kyuukurarin.mp4 anonymous
16-24 : GET /static/kyuukurarin.mp4 anonymous
16-24 : GET /static/kyuukurarin.mp4 anonymous
16-24 : GET /static/kyuukurarin.mp4 anonymous
16-24 : GET /static/kyuukurarin.mp4 anonymous
16-24 : GET /static/kyuukurarin.mp4 anonymous
16-24 : GET /static/kyuukurarin.mp4 anonymous
16-24 : GET /static/kyuukurarin.mp4 anonymous
16-24 : GET /static/kyuukurarin.mp4 anonymous
16-24 : GET /static/kyuukurarin.mp4 anonymous
16-24 : GET /static/kyuukurarin.mp4 anonymous
16-24 : GET /static/kyuukurarin.mp4 anonymous
16-24 : GET /static/kyuukurarin.mp4 anonymous
16-24 : GET /static/kyuukurarin.mp4 anonymous
16-24 : GET /static/kyuukurarin.mp4 anonymous
16-24 : GET /static/kyuukurarin.mp4 anonymous
16-24 : GET /static/kyuukurarin.mp4 anonymous
16-24 : GET /static/kyuukurarin.mp4 anonymous
16-24 : GET /static/kyuukurarin.mp4 anonymous
16-24 : GET /static/kyuukurarin.mp4 anonymous
16-24 : GET /static/kyuukurarin.mp4 anonymous
16-24 : GET /static/kyuukurarin.mp4 anonymous
16-24 : GET /static/kyuukurarin.mp4 anonymous
16-24 : GET /static/kyuukurarin.mp4 anonymous
16-24 : GET /static/kyuukurarin.mp4 anonymous
16-24 : GET /static/kyuukurarin.mp4 anonymous
16-24 : GET /sounds/list anonymous
16-24 : GET /static/poulette.mp3 anonymous
16-24 : GET /static/maro-jump-sound-effect_1.mp3 anonymous
16-24 : GET /static/Darude%20Sandstorm%20Shittyflute.mp3 anonymous
16-24 : GET /static/ anonymous
16-24 : GET /static/Darude%20Sandstorm%20Shittyflute.mp3 anonymous
16-24 : GET /static/ anonymous
16-24 : GET /static/kyuukurarin.mp4 anonymous
16-24 : GET /static/kyuukurarin.mp4 anonymous
16-24 : GET /static/kyuukurarin.mp4 anonymous
16-24 : GET /static/kyuukurarin.mp4 anonymous
16-24 : GET /static/kyuukurarin.mp4 anonymous
16-24 : GET /static/kyuukurarin.mp4 anonymous
16-24 : GET /static/kyuukurarin.mp4 anonymous
16-24 : GET /static/kyuukurarin.mp4 anonymous
16-24 : GET /static/kyuukurarin.mp4 anonymous
16-24 : GET /static/kyuukurarin.mp4 anonymous
16-24 : GET /static/kyuukurarin.mp4 anonymous
16-24 : GET /static/kyuukurarin.mp4 anonymous
16-24 : GET /static/kyuukurarin.mp4 anonymous
16-24 : GET /static/kyuukurarin.mp4 anonymous
16-24 : GET /static/kyuukurarin.mp4 anonymous
16-24 : GET /static/kyuukurarin.mp4 anonymous
16-24 : GET /static/kyuukurarin.mp4 anonymous
16-24 : GET /static/kyuukurarin.mp4 anonymous
16-24 : GET /static/kyuukurarin.mp4 anonymous
16-24 : GET /static/kyuukurarin.mp4 anonymous
16-24 : GET /static/kyuukurarin.mp4 anonymous
16-24 : GET /static/kyuukurarin.mp4 anonymous
16-24 : GET /static/kyuukurarin.mp4 anonymous
16-24 : GET /static/kyuukurarin.mp4 anonymous
16-24 : GET /static/kyuukurarin.mp4 anonymous
16-24 : GET /static/kyuukurarin.mp4 anonymous
16-24 : GET /static/kyuukurarin.mp4 anonymous
16-24 : GET /static/kyuukurarin.mp4 anonymous
16-24 : GET /static/kyuukurarin.mp4 anonymous
16-24 : GET /static/kyuukurarin.mp4 anonymous
16-24 : GET /static/kyuukurarin.mp4 anonymous
16-24 : GET /static/kyuukurarin.mp4 anonymous
16-24 : GET /static/kyuukurarin.mp4 anonymous
16-24 : GET /static/kyuukurarin.mp4 anonymous
16-24 : GET /static/kyuukurarin.mp4 anonymous
16-24 : GET /static/kyuukurarin.mp4 anonymous
16-24 : GET /static/kyuukurarin.mp4 anonymous
16-24 : GET /static/kyuukurarin.mp4 anonymous
16-24 : GET /static/kyuukurarin.mp4 anonymous
16-24 : GET /static/kyuukurarin.mp4 anonymous
16-24 : GET /static/kyuukurarin.mp4 anonymous
16-24 : GET /static/kyuukurarin.mp4 anonymous
16-24 : GET /static/kyuukurarin.mp4 anonymous
16-24 : GET /static/kyuukurarin.mp4 anonymous
16-24 : POST /sounds/ anonymous
16-24 : GET /sounds/list anonymous
16-24 : GET /static/Darude%20Sandstorm%20Shittyflute.mp3 anonymous
16-24 : GET /static/Darude%20Sandstorm%20Shittyflute.mp3 anonymous
16-24 : GET /static/poulette.mp3 anonymous
16-24 : GET /static/maro-jump-sound-effect_1.mp3 anonymous
16-24 : GET /static/ anonymous
16-24 : GET /static/poulette.mp3 anonymous
16-24 : GET /static/ anonymous
16-24 : GET /static/maro-jump-sound-effect_1.mp3 anonymous
16-24 : GET /static/kyuukurarin.mp4 anonymous
16-24 : GET /static/kyuukurarin.mp4 anonymous
16-24 : GET /static/kyuukurarin.mp4 anonymous
16-24 : GET /static/kyuukurarin.mp4 anonymous
16-24 : GET /static/kyuukurarin.mp4 anonymous
16-24 : GET /static/kyuukurarin.mp4 anonymous
16-24 : GET /static/kyuukurarin.mp4 anonymous
16-24 : GET /static/kyuukurarin.mp4 anonymous
16-24 : GET /static/kyuukurarin.mp4 anonymous
16-24 : GET /static/kyuukurarin.mp4 anonymous
16-24 : GET /static/kyuukurarin.mp4 anonymous
16-24 : GET /static/kyuukurarin.mp4 anonymous
16-24 : GET /static/kyuukurarin.mp4 anonymous
16-24 : GET /static/kyuukurarin.mp4 anonymous
16-24 : GET /static/kyuukurarin.mp4 anonymous
16-24 : GET /static/kyuukurarin.mp4 anonymous
16-24 : GET /static/kyuukurarin.mp4 anonymous
16-24 : GET /static/kyuukurarin.mp4 anonymous
16-24 : GET /static/kyuukurarin.mp4 anonymous
16-24 : GET /static/kyuukurarin.mp4 anonymous
16-24 : GET /static/kyuukurarin.mp4 anonymous
16-24 : GET /static/kyuukurarin.mp4 anonymous
16-24 : GET /static/kyuukurarin.mp4 anonymous
16-24 : GET /static/kyuukurarin.mp4 anonymous
16-24 : GET /static/kyuukurarin.mp4 anonymous
16-24 : GET /static/kyuukurarin.mp4 anonymous
16-24 : GET /static/kyuukurarin.mp4 anonymous
16-24 : GET /static/kyuukurarin.mp4 anonymous
16-24 : GET /static/kyuukurarin.mp4 anonymous
16-24 : GET /static/kyuukurarin.mp4 anonymous
16-24 : GET /static/kyuukurarin.mp4 anonymous
16-24 : GET /static/kyuukurarin.mp4 anonymous
16-24 : GET /static/kyuukurarin.mp4 anonymous
16-24 : GET /static/kyuukurarin.mp4 anonymous
16-24 : GET /static/kyuukurarin.mp4 anonymous
16-24 : GET /static/kyuukurarin.mp4 anonymous
16-24 : GET /static/kyuukurarin.mp4 anonymous
16-24 : GET /static/kyuukurarin.mp4 anonymous
16-24 : GET /static/kyuukurarin.mp4 anonymous
16-24 : GET /static/kyuukurarin.mp4 anonymous
16-24 : GET /static/poulette.mp3 anonymous
16-26 : POST /sounds/ anonymous
16-26 : GET /sounds/list anonymous
16-26 : GET /static/Darude%20Sandstorm%20Shittyflute.mp3 anonymous
16-26 : GET /static/poulette.mp3 anonymous
16-26 : GET /static/maro-jump-sound-effect_1.mp3 anonymous
16-26 : GET /static/ anonymous
16-26 : GET /static/kyuukurarin.mp4 anonymous
16-26 : GET /static/Darude%20Sandstorm%20Shittyflute.mp3 anonymous
16-26 : GET /static/ anonymous
16-26 : GET /static/poulette.mp3 anonymous
16-26 : GET /static/maro-jump-sound-effect_1.mp3 anonymous
16-26 : GET /static/poulette.mp3 anonymous
16-26 : GET /static/maro-jump-sound-effect_1.mp3 anonymous
16-26 : GET /static/kyuukurarin.mp4 anonymous
16-26 : GET /static/kyuukurarin.mp4 anonymous
16-26 : GET /static/kyuukurarin.mp4 anonymous
16-26 : GET /static/kyuukurarin.mp4 anonymous
16-26 : GET /static/kyuukurarin.mp4 anonymous
16-26 : GET /static/kyuukurarin.mp4 anonymous
16-26 : GET /static/kyuukurarin.mp4 anonymous
16-26 : GET /static/kyuukurarin.mp4 anonymous
16-26 : GET /static/kyuukurarin.mp4 anonymous
16-26 : GET /static/kyuukurarin.mp4 anonymous
16-26 : GET /static/kyuukurarin.mp4 anonymous
16-26 : GET /static/kyuukurarin.mp4 anonymous
16-26 : GET /static/kyuukurarin.mp4 anonymous
16-26 : GET /static/kyuukurarin.mp4 anonymous
16-26 : GET /static/kyuukurarin.mp4 anonymous
16-26 : GET /static/kyuukurarin.mp4 anonymous
16-26 : GET /static/kyuukurarin.mp4 anonymous
16-26 : GET /static/kyuukurarin.mp4 anonymous
16-26 : GET /static/kyuukurarin.mp4 anonymous
16-26 : GET /static/kyuukurarin.mp4 anonymous
16-26 : GET /static/kyuukurarin.mp4 anonymous
16-26 : GET /static/kyuukurarin.mp4 anonymous
16-26 : GET /static/kyuukurarin.mp4 anonymous
16-26 : GET /static/kyuukurarin.mp4 anonymous
16-26 : GET /static/kyuukurarin.mp4 anonymous
16-26 : GET /static/kyuukurarin.mp4 anonymous
16-26 : GET /static/kyuukurarin.mp4 anonymous
16-26 : GET /static/kyuukurarin.mp4 anonymous
16-26 : GET /static/kyuukurarin.mp4 anonymous
16-26 : GET /static/kyuukurarin.mp4 anonymous
16-26 : GET /static/kyuukurarin.mp4 anonymous
16-26 : GET /static/kyuukurarin.mp4 anonymous
16-26 : GET /static/kyuukurarin.mp4 anonymous
16-26 : GET /static/kyuukurarin.mp4 anonymous
16-26 : GET /static/kyuukurarin.mp4 anonymous
16-26 : GET /static/kyuukurarin.mp4 anonymous
16-26 : GET /static/kyuukurarin.mp4 anonymous
16-26 : GET /static/kyuukurarin.mp4 anonymous
16-26 : GET /static/kyuukurarin.mp4 anonymous
16-26 : GET /static/poulette.mp3 anonymous
16-28 : POST /sounds/ anonymous
16-28 : GET /sounds/list anonymous
16-28 : GET /static/Darude%20Sandstorm%20Shittyflute.mp3 anonymous
16-28 : GET /static/Darude%20Sandstorm%20Shittyflute.mp3 anonymous
16-28 : GET /static/poulette.mp3 anonymous
16-28 : GET /static/kyuukurarin.mp4 anonymous
16-28 : GET /static/maro-jump-sound-effect_1.mp3 anonymous
16-28 : GET /static/poulette.mp3 anonymous
16-28 : GET /static/ anonymous
16-28 : GET /static/maro-jump-sound-effect_1.mp3 anonymous
16-28 : GET /static/ anonymous
16-28 : GET /static/poulette.mp3 anonymous
16-28 : GET /static/maro-jump-sound-effect_1.mp3 anonymous
16-28 : GET /static/poulette.mp3 anonymous
16-28 : GET /static/kyuukurarin.mp4 anonymous
16-28 : GET /static/maro-jump-sound-effect_1.mp3 anonymous
16-28 : GET /static/kyuukurarin.mp4 anonymous
16-28 : GET /static/kyuukurarin.mp4 anonymous
16-28 : GET /static/kyuukurarin.mp4 anonymous
16-28 : GET /static/kyuukurarin.mp4 anonymous
16-28 : GET /static/kyuukurarin.mp4 anonymous
16-28 : GET /static/kyuukurarin.mp4 anonymous
16-28 : GET /static/kyuukurarin.mp4 anonymous
16-28 : GET /static/kyuukurarin.mp4 anonymous
16-28 : GET /static/kyuukurarin.mp4 anonymous
16-28 : GET /static/kyuukurarin.mp4 anonymous
16-28 : GET /static/kyuukurarin.mp4 anonymous
16-28 : GET /static/kyuukurarin.mp4 anonymous
16-28 : GET /static/kyuukurarin.mp4 anonymous
16-28 : GET /static/kyuukurarin.mp4 anonymous
16-28 : GET /static/kyuukurarin.mp4 anonymous
16-28 : GET /static/kyuukurarin.mp4 anonymous
16-28 : GET /static/kyuukurarin.mp4 anonymous
16-28 : GET /static/kyuukurarin.mp4 anonymous
16-28 : GET /static/kyuukurarin.mp4 anonymous
16-28 : GET /static/kyuukurarin.mp4 anonymous
16-28 : GET /static/kyuukurarin.mp4 anonymous
16-28 : GET /static/kyuukurarin.mp4 anonymous
16-28 : GET /static/kyuukurarin.mp4 anonymous
16-28 : GET /static/kyuukurarin.mp4 anonymous
16-28 : GET /static/kyuukurarin.mp4 anonymous
16-28 : GET /static/kyuukurarin.mp4 anonymous
16-28 : GET /static/kyuukurarin.mp4 anonymous
16-28 : GET /static/kyuukurarin.mp4 anonymous
16-28 : GET /static/kyuukurarin.mp4 anonymous
16-28 : GET /static/kyuukurarin.mp4 anonymous
16-28 : GET /static/kyuukurarin.mp4 anonymous
16-28 : GET /static/kyuukurarin.mp4 anonymous
16-28 : GET /static/kyuukurarin.mp4 anonymous
16-28 : GET /static/kyuukurarin.mp4 anonymous
16-28 : GET /static/kyuukurarin.mp4 anonymous
16-28 : GET /static/kyuukurarin.mp4 anonymous
16-28 : GET /static/kyuukurarin.mp4 anonymous
16-28 : GET /static/kyuukurarin.mp4 anonymous
16-28 : GET /static/kyuukurarin.mp4 anonymous
16-28 : GET /static/kyuukurarin.mp4 anonymous
16-28 : GET /static/kyuukurarin.mp4 anonymous
16-28 : GET /static/kyuukurarin.mp4 anonymous
16-28 : GET /static/kyuukurarin.mp4 anonymous
16-28 : GET /static/kyuukurarin.mp4 anonymous
16-28 : GET /static/kyuukurarin.mp4 anonymous
16-28 : GET /static/kyuukurarin.mp4 anonymous
16-28 : GET /static/kyuukurarin.mp4 anonymous
16-28 : GET /static/kyuukurarin.mp4 anonymous
16-28 : GET /static/kyuukurarin.mp4 anonymous
16-28 : POST /sounds/ anonymous
16-28 : GET /sounds/list anonymous
16-28 : GET /static/Darude%20Sandstorm%20Shittyflute.mp3 anonymous
16-28 : GET /static/Darude%20Sandstorm%20Shittyflute.mp3 anonymous
16-28 : GET /static/poulette.mp3 anonymous
16-28 : GET /static/maro-jump-sound-effect_1.mp3 anonymous
16-28 : GET /static/ anonymous
16-28 : GET /static/poulette.mp3 anonymous
16-28 : GET /static/maro-jump-sound-effect_1.mp3 anonymous
16-28 : GET /static/ anonymous
16-28 : GET /static/poulette.mp3 anonymous
16-28 : GET /static/maro-jump-sound-effect_1.mp3 anonymous
16-28 : GET /static/poulette.mp3 anonymous
16-28 : GET /static/kyuukurarin.mp4 anonymous
16-28 : GET /static/maro-jump-sound-effect_1.mp3 anonymous
16-28 : GET /static/kyuukurarin.mp4 anonymous
16-28 : GET /static/poulette.mp3 anonymous
16-28 : GET /static/maro-jump-sound-effect_1.mp3 anonymous
16-28 : GET /static/kyuukurarin.mp4 anonymous
16-28 : GET /static/kyuukurarin.mp4 anonymous
16-28 : GET /static/kyuukurarin.mp4 anonymous
16-28 : GET /static/kyuukurarin.mp4 anonymous
16-28 : GET /static/kyuukurarin.mp4 anonymous
16-28 : GET /static/kyuukurarin.mp4 anonymous
16-28 : GET /static/kyuukurarin.mp4 anonymous
16-28 : GET /static/kyuukurarin.mp4 anonymous
16-28 : GET /static/kyuukurarin.mp4 anonymous
16-28 : GET /static/kyuukurarin.mp4 anonymous
16-28 : GET /static/kyuukurarin.mp4 anonymous
16-28 : GET /static/kyuukurarin.mp4 anonymous
16-28 : GET /static/kyuukurarin.mp4 anonymous
16-28 : GET /static/kyuukurarin.mp4 anonymous
16-28 : GET /static/kyuukurarin.mp4 anonymous
16-28 : GET /static/kyuukurarin.mp4 anonymous
16-28 : GET /static/kyuukurarin.mp4 anonymous
16-28 : GET /static/kyuukurarin.mp4 anonymous
16-28 : GET /static/kyuukurarin.mp4 anonymous
16-28 : GET /static/kyuukurarin.mp4 anonymous
16-28 : GET /static/kyuukurarin.mp4 anonymous
16-28 : GET /static/kyuukurarin.mp4 anonymous
16-28 : GET /static/kyuukurarin.mp4 anonymous
16-28 : GET /static/kyuukurarin.mp4 anonymous
16-28 : GET /static/kyuukurarin.mp4 anonymous
16-28 : GET /static/kyuukurarin.mp4 anonymous
16-28 : GET /static/kyuukurarin.mp4 anonymous
16-28 : GET /static/kyuukurarin.mp4 anonymous
16-28 : GET /static/kyuukurarin.mp4 anonymous
16-28 : GET /static/kyuukurarin.mp4 anonymous
16-28 : GET /static/kyuukurarin.mp4 anonymous
16-28 : GET /static/kyuukurarin.mp4 anonymous
16-28 : GET /static/kyuukurarin.mp4 anonymous
16-28 : GET /static/kyuukurarin.mp4 anonymous
16-28 : GET /static/kyuukurarin.mp4 anonymous
16-28 : GET /static/kyuukurarin.mp4 anonymous
16-28 : GET /static/kyuukurarin.mp4 anonymous
16-28 : GET /static/kyuukurarin.mp4 anonymous
16-28 : GET /static/kyuukurarin.mp4 anonymous
16-28 : GET /static/kyuukurarin.mp4 anonymous
16-28 : GET /static/kyuukurarin.mp4 anonymous
16-28 : GET /static/kyuukurarin.mp4 anonymous
16-28 : GET /static/kyuukurarin.mp4 anonymous
18-3 : GET /sounds/list anonymous
18-4 : GET /sounds/list anonymous
18-4 : GET /static/Darude%20Sandstorm%20Shittyflute.mp3 anonymous
18-4 : GET /static/Darude%20Sandstorm%20Shittyflute.mp3 anonymous
18-4 : GET /static/maro-jump-sound-effect_1.mp3 anonymous
18-4 : GET /static/kyuukurarin.mp4 anonymous
18-4 : GET /static/ anonymous
18-4 : GET /static/ anonymous
18-4 : GET /static/maro-jump-sound-effect_1.mp3 anonymous
18-4 : GET /static/maro-jump-sound-effect_1.mp3 anonymous
18-4 : GET /static/maro-jump-sound-effect_1.mp3 anonymous
18-4 : GET /static/maro-jump-sound-effect_1.mp3 anonymous
18-4 : GET /static/poulette.mp3 anonymous
18-4 : GET /static/poulette.mp3 anonymous
18-4 : GET /static/poulette.mp3 anonymous
18-4 : GET /static/poulette.mp3 anonymous
18-4 : GET /static/poulette.mp3 anonymous
18-4 : GET /favicon.ico anonymous
18-4 : POST /sounds/ anonymous
18-5 : DELETE /sounds/1706541977438 anonymous
18-5 : GET /sounds/list anonymous
18-5 : GET /static/kyuukurarin.mp4 anonymous
18-5 : GET /static/ anonymous
18-5 : GET /static/ anonymous
18-5 : GET /favicon.ico anonymous
18-8 : POST /sounds/ anonymous
18-8 : GET /sounds/list anonymous
18-8 : GET /static/Imagine%20Dragons%20-%20Radioactive%20(Lyric%20Video).mp3 anonymous
18-8 : GET /static/Imagine%20Dragons%20-%20Demons%20(Official%20Music%20Video).mp3 anonymous
18-8 : GET /static/Imagine%20Dragons%20-%20Believer%20(Official%20Music%20Video).mp3 anonymous
18-8 : GET /static/Darude%20Sandstorm%20Shittyflute.mp3 anonymous
18-8 : GET /static/poulette.mp3 anonymous
18-8 : GET /static/kyuukurarin.mp4 anonymous
18-8 : GET /static/ anonymous
18-8 : GET /static/ anonymous
18-8 : GET /static/maro-jump-sound-effect_1.mp3 anonymous
18-8 : GET /static/poulette.mp3 anonymous
18-8 : GET /static/Darude%20Sandstorm%20Shittyflute.mp3 anonymous
18-8 : GET /static/maro-jump-sound-effect_1.mp3 anonymous
18-8 : GET /static/poulette.mp3 anonymous
18-8 : GET /static/maro-jump-sound-effect_1.mp3 anonymous
18-8 : GET /static/maro-jump-sound-effect_1.mp3 anonymous
18-8 : GET /static/poulette.mp3 anonymous
18-8 : GET /static/poulette.mp3 anonymous
18-8 : GET /favicon.ico anonymous
18-10 : POST /sounds/list anonymous
18-10 : POST /sounds/list anonymous
18-10 : POST /sounds/list anonymous
18-10 : POST /sounds/list anonymous
18-10 : POST /sounds/list anonymous
18-10 : POST /sounds/list anonymous
18-10 : POST /sounds/list anonymous
18-10 : POST /sounds/list anonymous
18-10 : POST /sounds/list anonymous
18-10 : POST /sounds/list anonymous
18-10 : POST /sounds/list anonymous
18-10 : GET /sounds/list anonymous
18-10 : GET /sounds/list anonymous
18-10 : GET /static/kyuukurarin.mp4 anonymous
18-10 : GET /static/ anonymous
18-10 : GET /static/ anonymous
18-10 : DELETE /sounds/1706548108581 anonymous
18-10 : GET /sounds/list anonymous
18-10 : GET /static/kyuukurarin.mp4 anonymous
18-10 : GET /static/ anonymous
18-10 : GET /static/ anonymous
18-11 : DELETE /sounds/1706548108581 anonymous
18-11 : GET /sounds/list anonymous
18-11 : GET /static/ anonymous
18-11 : GET /static/kyuukurarin.mp4 anonymous
18-11 : GET /static/ anonymous
18-11 : DELETE /sounds/1706548108580 anonymous
18-11 : GET /sounds/list anonymous
18-11 : GET /static/ anonymous
18-11 : GET /static/kyuukurarin.mp4 anonymous
18-11 : GET /static/ anonymous
18-11 : GET /static/Darude%20Sandstorm%20Shittyflute.mp3 anonymous
18-11 : GET /static/maro-jump-sound-effect_1.mp3 anonymous
18-11 : GET /static/maro-jump-sound-effect_1.mp3 anonymous
18-11 : GET /static/maro-jump-sound-effect_1.mp3 anonymous
18-11 : GET /static/maro-jump-sound-effect_1.mp3 anonymous
18-11 : GET /static/Darude%20Sandstorm%20Shittyflute.mp3 anonymous
18-11 : GET /static/poulette.mp3 anonymous
18-11 : GET /static/poulette.mp3 anonymous
18-11 : GET /static/poulette.mp3 anonymous
18-11 : GET /static/poulette.mp3 anonymous
18-11 : GET /static/poulette.mp3 anonymous
18-11 : POST /sounds/ anonymous
18-11 : POST /sounds/ anonymous
18-11 : POST /sounds/ anonymous
18-11 : GET /sounds/list anonymous
18-11 : GET /static/kyuukurarin.mp4 anonymous
18-11 : GET /static/ anonymous
18-11 : GET /static/Imagine%20Dragons%20-%20Radioactive%20(Lyric%20Video).mp3 anonymous
18-11 : GET /static/Imagine%20Dragons%20-%20Believer%20(Official%20Music%20Video).mp3 anonymous
18-11 : GET /static/ anonymous
18-11 : GET /static/Imagine%20Dragons%20-%20Demons%20(Official%20Music%20Video).mp3 anonymous
18-11 : GET /static/Imagine%20Dragons%20-%20Radioactive%20(Lyric%20Video).mp3 anonymous
18-11 : GET /static/Imagine%20Dragons%20-%20Demons%20(Official%20Music%20Video).mp3 anonymous
18-11 : GET /static/Imagine%20Dragons%20-%20Believer%20(Official%20Music%20Video).mp3 anonymous
18-11 : GET /static/Imagine%20Dragons%20-%20Radioactive%20(Lyric%20Video).mp3 anonymous
18-11 : GET /static/Imagine%20Dragons%20-%20Believer%20(Official%20Music%20Video).mp3 anonymous
18-11 : GET /static/Imagine%20Dragons%20-%20Demons%20(Official%20Music%20Video).mp3 anonymous
18-12 : DELETE /sounds/1706548297983 anonymous
18-12 : GET /sounds/list anonymous
18-12 : GET /static/kyuukurarin.mp4 anonymous
18-12 : GET /static/ anonymous
18-12 : GET /static/ anonymous
18-12 : GET /static/poulette.mp3 anonymous
18-12 : GET /static/Darude%20Sandstorm%20Shittyflute.mp3 anonymous
18-12 : GET /static/maro-jump-sound-effect_1.mp3 anonymous
18-12 : GET /static/poulette.mp3 anonymous
18-12 : GET /static/Darude%20Sandstorm%20Shittyflute.mp3 anonymous
18-12 : GET /static/maro-jump-sound-effect_1.mp3 anonymous
18-12 : GET /static/poulette.mp3 anonymous
18-12 : GET /static/maro-jump-sound-effect_1.mp3 anonymous
18-12 : GET /static/poulette.mp3 anonymous
18-12 : GET /static/maro-jump-sound-effect_1.mp3 anonymous
18-12 : GET /static/poulette.mp3 anonymous
18-12 : DELETE /sounds/1706548297983 anonymous
18-12 : GET /sounds/list anonymous
18-12 : GET /static/kyuukurarin.mp4 anonymous
18-12 : GET /static/ anonymous
18-12 : GET /static/ anonymous
18-12 : GET /static/Imagine%20Dragons%20-%20Radioactive%20(Lyric%20Video).mp3 anonymous
18-12 : GET /static/Imagine%20Dragons%20-%20Demons%20(Official%20Music%20Video).mp3 anonymous
18-12 : GET /static/Imagine%20Dragons%20-%20Believer%20(Official%20Music%20Video).mp3 anonymous
18-12 : GET /static/Imagine%20Dragons%20-%20Radioactive%20(Lyric%20Video).mp3 anonymous
18-12 : GET /static/Imagine%20Dragons%20-%20Demons%20(Official%20Music%20Video).mp3 anonymous
18-12 : GET /static/Imagine%20Dragons%20-%20Believer%20(Official%20Music%20Video).mp3 anonymous
18-12 : GET /static/Imagine%20Dragons%20-%20Radioactive%20(Lyric%20Video).mp3 anonymous
18-12 : DELETE /sounds/1706548309923 anonymous
18-12 : GET /sounds/list anonymous
18-12 : GET /static/kyuukurarin.mp4 anonymous
18-12 : GET /static/ anonymous
18-12 : GET /static/ anonymous
18-12 : DELETE /sounds/1706548297985 anonymous
18-12 : GET /sounds/list anonymous
18-12 : GET /static/Darude%20Sandstorm%20Shittyflute.mp3 anonymous
18-12 : GET /static/Darude%20Sandstorm%20Shittyflute.mp3 anonymous
18-12 : GET /static/ anonymous
18-12 : GET /static/kyuukurarin.mp4 anonymous
18-12 : GET /static/poulette.mp3 anonymous
18-12 : GET /static/maro-jump-sound-effect_1.mp3 anonymous
18-12 : GET /static/ anonymous
18-12 : GET /static/maro-jump-sound-effect_1.mp3 anonymous
18-12 : GET /static/poulette.mp3 anonymous
18-12 : GET /static/poulette.mp3 anonymous
18-12 : GET /static/maro-jump-sound-effect_1.mp3 anonymous
18-12 : GET /static/maro-jump-sound-effect_1.mp3 anonymous
18-12 : GET /static/poulette.mp3 anonymous
18-12 : GET /static/poulette.mp3 anonymous
18-12 : GET /static/Imagine%20Dragons%20-%20Radioactive%20(Lyric%20Video).mp3 anonymous
18-12 : GET /static/Imagine%20Dragons%20-%20Demons%20(Official%20Music%20Video).mp3 anonymous
18-12 : GET /static/Imagine%20Dragons%20-%20Believer%20(Official%20Music%20Video).mp3 anonymous
18-12 : GET /static/Imagine%20Dragons%20-%20Radioactive%20(Lyric%20Video).mp3 anonymous
18-12 : GET /static/Imagine%20Dragons%20-%20Demons%20(Official%20Music%20Video).mp3 anonymous
18-12 : DELETE /sounds/1706548297984 anonymous
18-12 : GET /sounds/list anonymous
18-12 : GET /static/kyuukurarin.mp4 anonymous
18-12 : GET /static/ anonymous
18-12 : GET /static/ anonymous
18-12 : DELETE /sounds/1706548297983 anonymous
18-12 : GET /sounds/list anonymous
18-12 : GET /static/kyuukurarin.mp4 anonymous
18-12 : GET /static/ anonymous
18-12 : GET /static/ anonymous
18-12 : DELETE /sounds/1706548278617 anonymous
18-12 : GET /sounds/list anonymous
18-12 : GET /static/kyuukurarin.mp4 anonymous
18-12 : GET /static/ anonymous
18-12 : GET /static/ anonymous
18-12 : DELETE /sounds/1706548278615 anonymous
18-12 : GET /sounds/list anonymous
18-12 : GET /static/kyuukurarin.mp4 anonymous
18-12 : GET /static/ anonymous
18-12 : GET /static/ anonymous
18-12 : DELETE /sounds/1706548278614 anonymous
18-12 : GET /sounds/list anonymous
18-12 : GET /static/kyuukurarin.mp4 anonymous
18-12 : GET /static/ anonymous
18-12 : GET /static/ anonymous
18-12 : GET /static/poulette.mp3 anonymous
18-12 : GET /static/maro-jump-sound-effect_1.mp3 anonymous
18-12 : GET /static/Darude%20Sandstorm%20Shittyflute.mp3 anonymous
18-12 : GET /static/Darude%20Sandstorm%20Shittyflute.mp3 anonymous
18-12 : GET /static/maro-jump-sound-effect_1.mp3 anonymous
18-12 : GET /static/maro-jump-sound-effect_1.mp3 anonymous
18-12 : GET /static/maro-jump-sound-effect_1.mp3 anonymous
18-12 : GET /static/poulette.mp3 anonymous
18-12 : GET /static/poulette.mp3 anonymous
18-12 : GET /static/poulette.mp3 anonymous
18-12 : GET /static/poulette.mp3 anonymous
18-13 : POST /sounds/ anonymous
18-13 : GET /sounds/list anonymous
18-13 : GET /static/kyuukurarin.mp4 anonymous
18-13 : GET /static/ anonymous
18-13 : GET /static/ anonymous
18-13 : GET /static/Imagine%20Dragons%20-%20Radioactive%20(Lyric%20Video).mp3 anonymous
18-13 : GET /static/Imagine%20Dragons%20-%20Demons%20(Official%20Music%20Video).mp3 anonymous
18-13 : GET /static/Imagine%20Dragons%20-%20Believer%20(Official%20Music%20Video).mp3 anonymous
18-13 : POST /sounds/1706548408601 anonymous
18-13 : GET /sounds/list anonymous
18-13 : GET /static/Darude%20Sandstorm%20Shittyflute.mp3 anonymous
18-13 : GET /static/Darude%20Sandstorm%20Shittyflute.mp3 anonymous
18-13 : GET /static/kyuukurarin.mp4 anonymous
18-13 : GET /static/poulette.mp3 anonymous
18-13 : GET /static/maro-jump-sound-effect_1.mp3 anonymous
18-13 : GET /static/ anonymous
18-13 : GET /static/ anonymous
18-13 : GET /static/maro-jump-sound-effect_1.mp3 anonymous
18-13 : GET /static/poulette.mp3 anonymous
18-13 : GET /static/poulette.mp3 anonymous
18-13 : GET /static/maro-jump-sound-effect_1.mp3 anonymous
18-13 : GET /static/maro-jump-sound-effect_1.mp3 anonymous
18-13 : GET /static/poulette.mp3 anonymous
18-13 : GET /static/poulette.mp3 anonymous
18-13 : GET /static/ anonymous
18-14 : GET /sounds/list anonymous
20-9 : GET /sounds/list anonymous
20-9 : GET /static/Imagine%20Dragons%20-%20Radioactive%20(Lyric%20Video).mp3 anonymous
20-9 : GET /static/Imagine%20Dragons%20-%20Demons%20(Official%20Music%20Video).mp3 anonymous
20-9 : GET /static/kyuukurarin.mp4 anonymous
20-9 : GET /static/maro-jump-sound-effect_1.mp3 anonymous
20-9 : GET /static/ anonymous
20-9 : GET /static/Darude%20Sandstorm%20Shittyflute.mp3 anonymous
20-9 : GET /static/ anonymous
20-9 : GET /static/ anonymous
20-9 : GET /static/maro-jump-sound-effect_1.mp3 anonymous
20-9 : GET /static/maro-jump-sound-effect_1.mp3 anonymous
20-9 : GET /static/maro-jump-sound-effect_1.mp3 anonymous
20-9 : GET /static/Darude%20Sandstorm%20Shittyflute.mp3 anonymous
20-9 : GET /static/poulette.mp3 anonymous
20-9 : GET /static/poulette.mp3 anonymous
20-9 : GET /static/poulette.mp3 anonymous
20-9 : GET /static/poulette.mp3 anonymous
20-9 : GET /static/poulette.mp3 anonymous
20-9 : GET /favicon.ico anonymous
20-9 : POST /sounds/ anonymous
20-9 : POST /sounds/ anonymous
20-9 : GET /static/Imagine%20Dragons%20-%20Radioactive%20(Lyric%20Video).mp3 anonymous
20-9 : GET /static/Imagine%20Dragons%20-%20Demons%20(Official%20Music%20Video).mp3 anonymous
20-9 : GET /sounds/list anonymous
20-9 : GET /static/kyuukurarin.mp4 anonymous
20-9 : GET /static/ anonymous
20-9 : GET /static/ anonymous
20-9 : GET /static/ anonymous
20-10 : POST /sounds/ anonymous
20-10 : GET /sounds/list anonymous
20-10 : GET /static/Darude%20Sandstorm%20Shittyflute.mp3 anonymous
20-10 : GET /static/Darude%20Sandstorm%20Shittyflute.mp3 anonymous
20-10 : GET /static/kyuukurarin.mp4 anonymous
20-10 : GET /static/poulette.mp3 anonymous
20-10 : GET /static/maro-jump-sound-effect_1.mp3 anonymous
20-10 : GET /static/ anonymous
20-10 : GET /static/ anonymous
20-10 : GET /static/maro-jump-sound-effect_1.mp3 anonymous
20-10 : GET /static/poulette.mp3 anonymous
20-10 : GET /static/poulette.mp3 anonymous
20-10 : GET /static/maro-jump-sound-effect_1.mp3 anonymous
20-10 : GET /static/maro-jump-sound-effect_1.mp3 anonymous
20-10 : GET /static/poulette.mp3 anonymous
20-10 : GET /static/poulette.mp3 anonymous
20-10 : GET /static/Imagine%20Dragons%20-%20Radioactive%20(Lyric%20Video).mp3 anonymous
20-10 : GET /static/Imagine%20Dragons%20-%20Demons%20(Official%20Music%20Video).mp3 anonymous
20-10 : GET /static/ anonymous
20-10 : GET /static/Imagine%20Dragons%20-%20Radioactive%20(Lyric%20Video).mp3 anonymous
20-10 : GET /static/Imagine%20Dragons%20-%20Radioactive%20(Lyric%20Video).mp3 anonymous
20-10 : DELETE /sounds/1706555393064 anonymous
20-10 : GET /sounds/list anonymous
20-10 : GET /static/kyuukurarin.mp4 anonymous
20-10 : GET /static/ anonymous
20-10 : GET /static/ anonymous
20-10 : GET /static/ anonymous
20-10 : DELETE /sounds/1706555374895 anonymous
20-10 : GET /sounds/list anonymous
20-10 : GET /static/Darude%20Sandstorm%20Shittyflute.mp3 anonymous
20-10 : GET /static/Darude%20Sandstorm%20Shittyflute.mp3 anonymous
20-10 : GET /static/kyuukurarin.mp4 anonymous
20-10 : GET /static/poulette.mp3 anonymous
20-10 : GET /static/maro-jump-sound-effect_1.mp3 anonymous
20-10 : GET /static/ anonymous
20-10 : GET /static/ anonymous
20-10 : GET /static/maro-jump-sound-effect_1.mp3 anonymous
20-10 : GET /static/poulette.mp3 anonymous
20-10 : GET /static/poulette.mp3 anonymous
20-10 : GET /static/maro-jump-sound-effect_1.mp3 anonymous
20-10 : GET /static/maro-jump-sound-effect_1.mp3 anonymous
20-10 : GET /static/poulette.mp3 anonymous
20-10 : GET /static/poulette.mp3 anonymous
20-10 : GET /static/Imagine%20Dragons%20-%20Radioactive%20(Lyric%20Video).mp3 anonymous
20-10 : GET /static/Imagine%20Dragons%20-%20Demons%20(Official%20Music%20Video).mp3 anonymous
20-10 : GET /static/ anonymous
20-10 : DELETE /sounds/1706548408601 anonymous
20-10 : GET /sounds/list anonymous
20-10 : GET /static/kyuukurarin.mp4 anonymous
20-10 : GET /static/ anonymous
20-10 : GET /static/ anonymous
20-11 : DELETE /sounds/1706548408599 anonymous
20-11 : GET /sounds/list anonymous
20-11 : GET /static/kyuukurarin.mp4 anonymous
20-11 : GET /static/ anonymous
20-11 : GET /static/ anonymous
20-11 : GET /static/Imagine%20Dragons%20-%20Radioactive%20(Lyric%20Video).mp3 anonymous
20-11 : GET /static/maro-jump-sound-effect_1.mp3 anonymous
20-11 : GET /static/poulette.mp3 anonymous
20-11 : GET /static/Darude%20Sandstorm%20Shittyflute.mp3 anonymous
20-11 : GET /static/poulette.mp3 anonymous
20-11 : GET /static/maro-jump-sound-effect_1.mp3 anonymous
20-11 : GET /static/poulette.mp3 anonymous
20-11 : GET /static/poulette.mp3 anonymous
20-11 : GET /static/Darude%20Sandstorm%20Shittyflute.mp3 anonymous
20-11 : GET /static/poulette.mp3 anonymous
20-11 : GET /static/maro-jump-sound-effect_1.mp3 anonymous
20-11 : GET /static/maro-jump-sound-effect_1.mp3 anonymous
20-11 : DELETE /sounds/1706548408598 anonymous
20-11 : GET /sounds/list anonymous
20-11 : GET /static/ anonymous
20-11 : GET /static/kyuukurarin.mp4 anonymous
20-11 : GET /static/ anonymous
20-11 : POST /sounds/ anonymous
20-11 : GET /sounds/list anonymous
20-11 : GET /static/Darude%20Sandstorm%20Shittyflute.mp3 anonymous
20-11 : GET /static/Darude%20Sandstorm%20Shittyflute.mp3 anonymous
20-11 : GET /static/kyuukurarin.mp4 anonymous
20-11 : GET /static/poulette.mp3 anonymous
20-11 : GET /static/maro-jump-sound-effect_1.mp3 anonymous
20-11 : GET /static/ anonymous
20-11 : GET /static/ anonymous
20-11 : GET /static/maro-jump-sound-effect_1.mp3 anonymous
20-11 : GET /static/poulette.mp3 anonymous
20-11 : GET /static/poulette.mp3 anonymous
20-11 : GET /static/maro-jump-sound-effect_1.mp3 anonymous
20-11 : GET /static/maro-jump-sound-effect_1.mp3 anonymous
20-11 : GET /static/poulette.mp3 anonymous
20-11 : GET /static/poulette.mp3 anonymous
20-11 : GET /static/Imagine%20Dragons%20-%20Radioactive%20(Lyric%20Video).mp3 anonymous
20-11 : GET /static/Imagine%20Dragons%20-%20Demons%20(Official%20Music%20Video).mp3 anonymous
20-11 : GET /static/Imagine%20Dragons%20-%20Believer%20(Official%20Music%20Video).mp3 anonymous
22-25 : GET / anonymous
22-25 : GET /favicon.ico anonymous
22-25 : GET /sounds/list anonymous
22-25 : GET /static/Darude%20Sandstorm%20Shittyflute.mp3 anonymous
22-25 : GET /static/Darude%20Sandstorm%20Shittyflute.mp3 anonymous
22-25 : GET /static/kyuukurarin.mp4 anonymous
22-25 : GET /static/maro-jump-sound-effect_1.mp3 anonymous
22-25 : GET /static/ anonymous
22-25 : GET /static/ anonymous
22-25 : GET /static/maro-jump-sound-effect_1.mp3 anonymous
22-25 : GET /static/maro-jump-sound-effect_1.mp3 anonymous
22-25 : GET /static/maro-jump-sound-effect_1.mp3 anonymous
22-25 : GET /static/Imagine%20Dragons%20-%20Radioactive%20(Lyric%20Video).mp3 anonymous
22-25 : GET /static/Imagine%20Dragons%20-%20Demons%20(Official%20Music%20Video).mp3 anonymous
22-25 : GET /static/Imagine%20Dragons%20-%20Believer%20(Official%20Music%20Video).mp3 anonymous
22-25 : GET /static/poulette.mp3 anonymous
22-25 : GET /static/poulette.mp3 anonymous
22-25 : GET /static/poulette.mp3 anonymous
22-25 : GET /static/poulette.mp3 anonymous
22-25 : GET /static/poulette.mp3 anonymous
22-25 : DELETE /sounds/1706555496451 anonymous
22-25 : GET /sounds/list anonymous
22-25 : GET /static/ anonymous
22-25 : GET /static/kyuukurarin.mp4 anonymous
22-25 : GET /static/ anonymous
22-25 : DELETE /sounds/1706555496451 anonymous
22-25 : GET /sounds/list anonymous
22-25 : GET /static/kyuukurarin.mp4 anonymous
22-25 : GET /static/ anonymous
22-25 : GET /static/ anonymous
22-25 : DELETE /sounds/1706555496451 anonymous
22-25 : GET /sounds/list anonymous
22-25 : GET /static/Darude%20Sandstorm%20Shittyflute.mp3 anonymous
22-25 : GET /static/Darude%20Sandstorm%20Shittyflute.mp3 anonymous
22-25 : GET /static/kyuukurarin.mp4 anonymous
22-25 : GET /static/poulette.mp3 anonymous
22-25 : GET /static/maro-jump-sound-effect_1.mp3 anonymous
22-25 : GET /static/ anonymous
22-25 : GET /static/ anonymous
22-25 : GET /static/maro-jump-sound-effect_1.mp3 anonymous
22-25 : GET /static/poulette.mp3 anonymous
22-25 : GET /static/poulette.mp3 anonymous
22-25 : GET /static/maro-jump-sound-effect_1.mp3 anonymous
22-25 : GET /static/maro-jump-sound-effect_1.mp3 anonymous
22-25 : GET /static/poulette.mp3 anonymous
22-25 : GET /static/poulette.mp3 anonymous
22-26 : POST /sounds/ anonymous
22-26 : GET /static/kyuukurarin.mp4 anonymous
22-26 : POST /sounds/ anonymous
22-26 : POST /sounds/ anonymous
22-26 : GET /sounds/list anonymous
22-26 : GET /static/kyuukurarin.mp4 anonymous
22-26 : GET /static/ anonymous
22-26 : GET /static/ anonymous
22-26 : GET /static/Imagine%20Dragons%20-%20Believer%20(Official%20Music%20Video).mp3 anonymous
22-26 : GET /static/Imagine%20Dragons%20-%20Believer%20(Official%20Music%20Video).mp3 anonymous
22-26 : GET /static/Imagine%20Dragons%20-%20Radioactive%20(Lyric%20Video).mp3 anonymous
22-26 : GET /static/Imagine%20Dragons%20-%20Demons%20(Official%20Music%20Video).mp3 anonymous
22-26 : GET /static/Imagine%20Dragons%20-%20Believer%20(Official%20Music%20Video).mp3 anonymous
22-27 : DELETE /sounds/1706563576552 anonymous
22-27 : GET /sounds/list anonymous
22-27 : GET /static/Darude%20Sandstorm%20Shittyflute.mp3 anonymous
22-27 : GET /static/Darude%20Sandstorm%20Shittyflute.mp3 anonymous
22-27 : GET /static/kyuukurarin.mp4 anonymous
22-27 : GET /static/poulette.mp3 anonymous
22-27 : GET /static/maro-jump-sound-effect_1.mp3 anonymous
22-27 : GET /static/ anonymous
22-27 : GET /static/ anonymous
22-27 : GET /static/maro-jump-sound-effect_1.mp3 anonymous
22-27 : GET /static/poulette.mp3 anonymous
22-27 : GET /static/poulette.mp3 anonymous
22-27 : GET /static/maro-jump-sound-effect_1.mp3 anonymous
22-27 : GET /static/maro-jump-sound-effect_1.mp3 anonymous
22-27 : GET /static/poulette.mp3 anonymous
22-27 : GET /static/poulette.mp3 anonymous
22-27 : DELETE /sounds/1706563576552 anonymous
22-27 : GET /sounds/list anonymous
22-27 : GET /static/kyuukurarin.mp4 anonymous
22-27 : GET /static/ anonymous
22-27 : GET /static/ anonymous
22-27 : DELETE /sounds/1706563576552 anonymous
22-27 : GET /sounds/list anonymous
22-27 : GET /static/ anonymous
22-27 : GET /static/kyuukurarin.mp4 anonymous
22-27 : GET /static/ anonymous
22-27 : DELETE /sounds/1706563576552 anonymous
22-27 : GET /sounds/list anonymous
22-27 : GET /static/kyuukurarin.mp4 anonymous
22-27 : GET /static/Darude%20Sandstorm%20Shittyflute.mp3 anonymous
22-27 : GET /static/Darude%20Sandstorm%20Shittyflute.mp3 anonymous
22-27 : GET /static/poulette.mp3 anonymous
22-27 : GET /static/ anonymous
22-27 : GET /static/maro-jump-sound-effect_1.mp3 anonymous
22-27 : GET /static/ anonymous
22-27 : GET /static/maro-jump-sound-effect_1.mp3 anonymous
22-27 : GET /static/poulette.mp3 anonymous
22-27 : GET /static/poulette.mp3 anonymous
22-27 : GET /static/maro-jump-sound-effect_1.mp3 anonymous
22-27 : GET /static/maro-jump-sound-effect_1.mp3 anonymous
22-27 : GET /static/poulette.mp3 anonymous
22-27 : GET /static/poulette.mp3 anonymous
22-27 : GET /static/Imagine%20Dragons%20-%20Believer%20(Official%20Music%20Video).mp3 anonymous
22-27 : DELETE /sounds/1706563576552 anonymous
22-27 : GET /sounds/list anonymous
22-27 : GET /static/kyuukurarin.mp4 anonymous
22-27 : GET /static/ anonymous
22-27 : GET /static/ anonymous
22-27 : GET /sounds/list anonymous
22-28 : POST /sounds/ anonymous
22-28 : GET /sounds/list anonymous
22-28 : GET /static/kyuukurarin.mp4 anonymous
22-28 : GET /static/ anonymous
22-28 : GET /static/ anonymous
22-28 : GET /static/poulette.mp3 anonymous
22-28 : GET /static/maro-jump-sound-effect_1.mp3 anonymous
22-28 : GET /static/poulette.mp3 anonymous
22-28 : GET /static/poulette.mp3 anonymous
22-28 : GET /static/Imagine%20Dragons%20-%20Radioactive%20(Lyric%20Video).mp3 anonymous
22-28 : GET /static/Imagine%20Dragons%20-%20Demons%20(Official%20Music%20Video).mp3 anonymous
22-28 : GET /static/Imagine%20Dragons%20-%20Believer%20(Official%20Music%20Video).mp3 anonymous
22-28 : GET /static/Darude%20Sandstorm%20Shittyflute.mp3 anonymous
22-28 : GET /static/poulette.mp3 anonymous
22-28 : GET /static/poulette.mp3 anonymous
22-28 : GET /static/maro-jump-sound-effect_1.mp3 anonymous
22-28 : GET /static/maro-jump-sound-effect_1.mp3 anonymous
22-28 : GET /static/maro-jump-sound-effect_1.mp3 anonymous
22-28 : GET /static/Darude%20Sandstorm%20Shittyflute.mp3 anonymous
22-28 : GET /static/Imagine%20Dragons%20-%20Radioactive%20(Lyric%20Video).mp3 anonymous
22-30 : DELETE /sounds/1706563709465 anonymous
22-30 : GET /sounds/list anonymous
22-30 : GET /static/kyuukurarin.mp4 anonymous
22-30 : GET /static/ anonymous
22-30 : GET /static/ anonymous
22-31 : DELETE /sounds/1706563709464 anonymous
22-31 : GET /sounds/list anonymous
22-31 : GET /static/kyuukurarin.mp4 anonymous
22-31 : GET /static/ anonymous
22-31 : GET /static/ anonymous
22-31 : DELETE /sounds/1706563709463 anonymous
22-31 : GET /sounds/list anonymous
22-31 : GET /static/ anonymous
22-31 : GET /static/kyuukurarin.mp4 anonymous
22-31 : GET /static/ anonymous
22-31 : POST /sounds/ anonymous
22-31 : GET /sounds/list anonymous
22-31 : GET /static/ anonymous
22-31 : GET /static/ anonymous
22-31 : GET /static/maro-jump-sound-effect_1.mp3 anonymous
22-31 : GET /static/maro-jump-sound-effect_1.mp3 anonymous
22-31 : GET /static/maro-jump-sound-effect_1.mp3 anonymous
22-31 : GET /static/Imagine%20Dragons%20-%20Radioactive%20(Lyric%20Video).mp3 anonymous
22-31 : GET /static/Imagine%20Dragons%20-%20Demons%20(Official%20Music%20Video).mp3 anonymous
22-31 : GET /static/Imagine%20Dragons%20-%20Believer%20(Official%20Music%20Video).mp3 anonymous
22-31 : GET /static/Darude%20Sandstorm%20Shittyflute.mp3 anonymous
22-31 : GET /static/kyuukurarin.mp4 anonymous
22-31 : GET /static/maro-jump-sound-effect_1.mp3 anonymous
22-31 : GET /static/Darude%20Sandstorm%20Shittyflute.mp3 anonymous
22-31 : GET /static/poulette.mp3 anonymous
22-31 : GET /static/poulette.mp3 anonymous
22-31 : GET /static/poulette.mp3 anonymous
22-31 : GET /static/poulette.mp3 anonymous
22-31 : GET /static/poulette.mp3 anonymous
22-48 : GET / anonymous
22-48 : GET /favicon.ico anonymous
22-48 : GET /sounds/list anonymous
22-48 : GET /static/Imagine%20Dragons%20-%20Radioactive%20(Lyric%20Video).mp3 anonymous
22-48 : GET /static/Imagine%20Dragons%20-%20Demons%20(Official%20Music%20Video).mp3 anonymous
22-48 : GET /static/Imagine%20Dragons%20-%20Believer%20(Official%20Music%20Video).mp3 anonymous
22-48 : GET /static/Darude%20Sandstorm%20Shittyflute.mp3 anonymous
22-48 : GET /static/kyuukurarin.mp4 anonymous
22-48 : GET /static/maro-jump-sound-effect_1.mp3 anonymous
22-48 : GET /static/ anonymous
22-48 : GET /static/ anonymous
22-48 : GET /static/Darude%20Sandstorm%20Shittyflute.mp3 anonymous
22-48 : GET /static/maro-jump-sound-effect_1.mp3 anonymous
22-48 : GET /static/maro-jump-sound-effect_1.mp3 anonymous
22-48 : GET /static/maro-jump-sound-effect_1.mp3 anonymous
22-48 : GET /static/poulette.mp3 anonymous
22-48 : GET /static/poulette.mp3 anonymous
22-48 : GET /static/poulette.mp3 anonymous
22-48 : GET /static/poulette.mp3 anonymous
22-48 : GET /static/poulette.mp3 anonymous
22-48 : DELETE /sounds/1706563884444 anonymous
22-48 : GET /sounds/list anonymous
22-48 : GET /static/kyuukurarin.mp4 anonymous
22-48 : GET /static/ anonymous
22-48 : GET /static/ anonymous
22-48 : DELETE /sounds/1706563884443 anonymous
22-48 : GET /sounds/list anonymous
22-48 : GET /static/kyuukurarin.mp4 anonymous
22-48 : GET /static/ anonymous
22-48 : GET /static/ anonymous
22-48 : DELETE /sounds/1706563884443 anonymous
22-48 : GET /sounds/list anonymous
22-48 : GET /static/ anonymous
22-48 : GET /static/ anonymous
22-48 : GET /static/kyuukurarin.mp4 anonymous
22-48 : POST /sounds/ anonymous
22-48 : GET /sounds/list anonymous
22-48 : GET /static/Darude%20Sandstorm%20Shittyflute.mp3 anonymous
22-48 : GET /static/Darude%20Sandstorm%20Shittyflute.mp3 anonymous
22-48 : GET /static/kyuukurarin.mp4 anonymous
22-48 : GET /static/poulette.mp3 anonymous
22-48 : GET /static/maro-jump-sound-effect_1.mp3 anonymous
22-48 : GET /static/ anonymous
22-48 : GET /static/ anonymous
22-48 : GET /static/maro-jump-sound-effect_1.mp3 anonymous
22-48 : GET /static/poulette.mp3 anonymous
22-48 : GET /static/poulette.mp3 anonymous
22-48 : GET /static/maro-jump-sound-effect_1.mp3 anonymous
22-48 : GET /static/maro-jump-sound-effect_1.mp3 anonymous
22-48 : GET /static/poulette.mp3 anonymous
22-48 : GET /static/poulette.mp3 anonymous
22-48 : GET /static/Imagine%20Dragons%20-%20Radioactive%20(Lyric%20Video).mp3 anonymous
22-48 : GET /static/Imagine%20Dragons%20-%20Demons%20(Official%20Music%20Video).mp3 anonymous
22-48 : GET /static/Imagine%20Dragons%20-%20Believer%20(Official%20Music%20Video).mp3 anonymous
22-48 : POST /sounds/ anonymous
22-49 : GET /sounds/list anonymous
22-49 : GET /static/kyuukurarin.mp4 anonymous
22-49 : GET /static/ anonymous
22-49 : GET /static/poulette.mp3 anonymous
22-49 : GET /static/ anonymous
22-49 : GET /static/poulette.mp3 anonymous
22-49 : GET /static/Imagine%20Dragons%20-%20Radioactive%20(Lyric%20Video).mp3 anonymous
22-49 : GET /static/Imagine%20Dragons%20-%20Demons%20(Official%20Music%20Video).mp3 anonymous
22-49 : GET /static/Imagine%20Dragons%20-%20Believer%20(Official%20Music%20Video).mp3 anonymous
22-49 : GET /static/Imagine%20Dragons%20-%20Radioactive%20(Lyric%20Video).mp3 anonymous
22-49 : GET /static/Imagine%20Dragons%20-%20Demons%20(Official%20Music%20Video).mp3 anonymous
22-49 : GET /static/Imagine%20Dragons%20-%20Believer%20(Official%20Music%20Video).mp3 anonymous
22-49 : GET /static/Darude%20Sandstorm%20Shittyflute.mp3 anonymous
22-49 : GET /static/maro-jump-sound-effect_1.mp3 anonymous
22-49 : GET /static/poulette.mp3 anonymous
22-49 : GET /static/maro-jump-sound-effect_1.mp3 anonymous
22-49 : GET /static/maro-jump-sound-effect_1.mp3 anonymous
22-49 : GET /static/maro-jump-sound-effect_1.mp3 anonymous
22-49 : GET /static/poulette.mp3 anonymous
22-49 : GET /static/poulette.mp3 anonymous
22-49 : GET /static/Darude%20Sandstorm%20Shittyflute.mp3 anonymous
22-49 : DELETE /sounds/1706564934847 anonymous
22-49 : GET /sounds/list anonymous
22-49 : GET /static/kyuukurarin.mp4 anonymous
22-49 : GET /static/ anonymous
22-49 : GET /static/ anonymous
22-49 : DELETE /sounds/1706564934846 anonymous
22-49 : GET /sounds/list anonymous
22-49 : GET /static/ anonymous
22-49 : GET /static/kyuukurarin.mp4 anonymous
22-49 : GET /static/ anonymous
22-49 : DELETE /sounds/1706564934845 anonymous
22-49 : GET /sounds/list anonymous
22-49 : GET /static/kyuukurarin.mp4 anonymous
22-49 : GET /static/ anonymous
22-49 : GET /static/ anonymous
22-49 : GET /static/Imagine%20Dragons%20-%20Believer%20(Official%20Music%20Video).mp3 anonymous
22-49 : GET /static/Imagine%20Dragons%20-%20Demons%20(Official%20Music%20Video).mp3 anonymous
22-49 : GET /static/Imagine%20Dragons%20-%20Radioactive%20(Lyric%20Video).mp3 anonymous
